# JRE version: OpenJDK Runtime Environment Temurin-21.0.6+7 (21.0.6+7) (build 21.0.6+7-LTS)
# Java VM: OpenJDK 64-Bit Server VM Temurin-21.0.6+7 (21.0.6+7-LTS, mixed mode, sharing, tiered, compressed oops, compressed class ptrs, parallel gc, windows-amd64)
GC Precious Log:
 CardTable entry size: 512
 CPUs: 12 total, 12 available
 Memory: 7498M
 Large Page Support: Disabled
 NUMA Support: Disabled
 Compressed Oops: Enabled (32-bit)
 Alignments: Space 512K, Generation 512K, Heap 2M
 Heap Min Capacity: 100M
 Heap Initial Capacity: 100M
 Heap Max Capacity: 1G
 Pre-touch: Disabled
 Parallel Workers: 10
Heap:
 PSYoungGen      total 12800K, used 10847K [0x00000000eab00000, 0x00000000ebd80000, 0x0000000100000000)
  eden space 11264K, 94% used [0x00000000eab00000,0x00000000eb56ff08,0x00000000eb600000)
  from space 1536K, 10% used [0x00000000eba80000,0x00000000ebaa8000,0x00000000ebc00000)
  to   space 1024K, 0% used [0x00000000ebc80000,0x00000000ebc80000,0x00000000ebd80000)
 ParOldGen       total 528384K, used 528306K [0x00000000c0000000, 0x00000000e0400000, 0x00000000eab00000)
  object space 528384K, 99% used [0x00000000c0000000,0x00000000e03eca40,0x00000000e0400000)
 Metaspace       used 71674K, committed 73344K, reserved 1114112K
  class space    used 7351K, committed 8064K, reserved 1048576K
GC Heap History (20 events):
Event: 49.235 GC heap before
{Heap before GC invocations=1201 (full 3):
 PSYoungGen      total 11776K, used 11771K [0x00000000eab00000, 0x00000000eb900000, 0x0000000100000000)
  eden space 11264K, 100% used [0x00000000eab00000,0x00000000eb600000,0x00000000eb600000)
  from space 512K, 99% used [0x00000000eb680000,0x00000000eb6feea8,0x00000000eb700000)
  to   space 1536K, 0% used [0x00000000eb780000,0x00000000eb780000,0x00000000eb900000)
 ParOldGen       total 516096K, used 515736K [0x00000000c0000000, 0x00000000df800000, 0x00000000eab00000)
  object space 516096K, 99% used [0x00000000c0000000,0x00000000df7a6340,0x00000000df800000)
 Metaspace       used 66911K, committed 68480K, reserved 1114112K
  class space    used 6763K, committed 7424K, reserved 1048576K
}
Event: 49.238 GC heap after
{Heap after GC invocations=1201 (full 3):
 PSYoungGen      total 12800K, used 1392K [0x00000000eab00000, 0x00000000eb900000, 0x0000000100000000)
  eden space 11264K, 0% used [0x00000000eab00000,0x00000000eab00000,0x00000000eb600000)
  from space 1536K, 90% used [0x00000000eb780000,0x00000000eb8dc010,0x00000000eb900000)
  to   space 1536K, 0% used [0x00000000eb600000,0x00000000eb600000,0x00000000eb780000)
 ParOldGen       total 516608K, used 516124K [0x00000000c0000000, 0x00000000df880000, 0x00000000eab00000)
  object space 516608K, 99% used [0x00000000c0000000,0x00000000df8070e8,0x00000000df880000)
 Metaspace       used 66911K, committed 68480K, reserved 1114112K
  class space    used 6763K, committed 7424K, reserved 1048576K
}
Event: 49.295 GC heap before
{Heap before GC invocations=1202 (full 3):
 PSYoungGen      total 12800K, used 12656K [0x00000000eab00000, 0x00000000eb900000, 0x0000000100000000)
  eden space 11264K, 100% used [0x00000000eab00000,0x00000000eb600000,0x00000000eb600000)
  from space 1536K, 90% used [0x00000000eb780000,0x00000000eb8dc010,0x00000000eb900000)
  to   space 1536K, 0% used [0x00000000eb600000,0x00000000eb600000,0x00000000eb780000)
 ParOldGen       total 516608K, used 516124K [0x00000000c0000000, 0x00000000df880000, 0x00000000eab00000)
  object space 516608K, 99% used [0x00000000c0000000,0x00000000df8070e8,0x00000000df880000)
 Metaspace       used 67497K, committed 69120K, reserved 1114112K
  class space    used 6818K, committed 7488K, reserved 1048576K
}
Event: 49.298 GC heap after
{Heap after GC invocations=1202 (full 3):
 PSYoungGen      total 12800K, used 1078K [0x00000000eab00000, 0x00000000eb900000, 0x0000000100000000)
  eden space 11264K, 0% used [0x00000000eab00000,0x00000000eab00000,0x00000000eb600000)
  from space 1536K, 70% used [0x00000000eb600000,0x00000000eb70d800,0x00000000eb780000)
  to   space 1536K, 0% used [0x00000000eb780000,0x00000000eb780000,0x00000000eb900000)
 ParOldGen       total 517120K, used 517067K [0x00000000c0000000, 0x00000000df900000, 0x00000000eab00000)
  object space 517120K, 99% used [0x00000000c0000000,0x00000000df8f2e48,0x00000000df900000)
 Metaspace       used 67497K, committed 69120K, reserved 1114112K
  class space    used 6818K, committed 7488K, reserved 1048576K
}
Event: 49.380 GC heap before
{Heap before GC invocations=1203 (full 3):
 PSYoungGen      total 12800K, used 12334K [0x00000000eab00000, 0x00000000eb900000, 0x0000000100000000)
  eden space 11264K, 99% used [0x00000000eab00000,0x00000000eb5fe248,0x00000000eb600000)
  from space 1536K, 70% used [0x00000000eb600000,0x00000000eb70d800,0x00000000eb780000)
  to   space 1536K, 0% used [0x00000000eb780000,0x00000000eb780000,0x00000000eb900000)
 ParOldGen       total 517120K, used 517067K [0x00000000c0000000, 0x00000000df900000, 0x00000000eab00000)
  object space 517120K, 99% used [0x00000000c0000000,0x00000000df8f2e48,0x00000000df900000)
 Metaspace       used 68705K, committed 70272K, reserved 1114112K
  class space    used 6959K, committed 7616K, reserved 1048576K
}
Event: 49.383 GC heap after
{Heap after GC invocations=1203 (full 3):
 PSYoungGen      total 12288K, used 566K [0x00000000eab00000, 0x00000000eb880000, 0x0000000100000000)
  eden space 11264K, 0% used [0x00000000eab00000,0x00000000eab00000,0x00000000eb600000)
  from space 1024K, 55% used [0x00000000eb780000,0x00000000eb80db40,0x00000000eb880000)
  to   space 1024K, 0% used [0x00000000eb680000,0x00000000eb680000,0x00000000eb780000)
 ParOldGen       total 518144K, used 517975K [0x00000000c0000000, 0x00000000dfa00000, 0x00000000eab00000)
  object space 518144K, 99% used [0x00000000c0000000,0x00000000df9d5c60,0x00000000dfa00000)
 Metaspace       used 68705K, committed 70272K, reserved 1114112K
  class space    used 6959K, committed 7616K, reserved 1048576K
}
Event: 49.461 GC heap before
{Heap before GC invocations=1204 (full 3):
 PSYoungGen      total 12288K, used 11830K [0x00000000eab00000, 0x00000000eb880000, 0x0000000100000000)
  eden space 11264K, 100% used [0x00000000eab00000,0x00000000eb600000,0x00000000eb600000)
  from space 1024K, 55% used [0x00000000eb780000,0x00000000eb80db40,0x00000000eb880000)
  to   space 1024K, 0% used [0x00000000eb680000,0x00000000eb680000,0x00000000eb780000)
 ParOldGen       total 518144K, used 517975K [0x00000000c0000000, 0x00000000dfa00000, 0x00000000eab00000)
  object space 518144K, 99% used [0x00000000c0000000,0x00000000df9d5c60,0x00000000dfa00000)
 Metaspace       used 69211K, committed 70784K, reserved 1114112K
  class space    used 7038K, committed 7680K, reserved 1048576K
}
Event: 49.465 GC heap after
{Heap after GC invocations=1204 (full 3):
 PSYoungGen      total 12288K, used 1024K [0x00000000eab00000, 0x00000000ec600000, 0x0000000100000000)
  eden space 11264K, 0% used [0x00000000eab00000,0x00000000eab00000,0x00000000eb600000)
  from space 1024K, 100% used [0x00000000eb680000,0x00000000eb780000,0x00000000eb780000)
  to   space 8192K, 0% used [0x00000000ebe00000,0x00000000ebe00000,0x00000000ec600000)
 ParOldGen       total 523776K, used 523624K [0x00000000c0000000, 0x00000000dff80000, 0x00000000eab00000)
  object space 523776K, 99% used [0x00000000c0000000,0x00000000dff5a378,0x00000000dff80000)
 Metaspace       used 69211K, committed 70784K, reserved 1114112K
  class space    used 7038K, committed 7680K, reserved 1048576K
}
Event: 49.633 GC heap before
{Heap before GC invocations=1205 (full 3):
 PSYoungGen      total 12288K, used 12288K [0x00000000eab00000, 0x00000000ec600000, 0x0000000100000000)
  eden space 11264K, 100% used [0x00000000eab00000,0x00000000eb600000,0x00000000eb600000)
  from space 1024K, 100% used [0x00000000eb680000,0x00000000eb780000,0x00000000eb780000)
  to   space 8192K, 0% used [0x00000000ebe00000,0x00000000ebe00000,0x00000000ec600000)
 ParOldGen       total 523776K, used 523624K [0x00000000c0000000, 0x00000000dff80000, 0x00000000eab00000)
  object space 523776K, 99% used [0x00000000c0000000,0x00000000dff5a378,0x00000000dff80000)
 Metaspace       used 70219K, committed 71808K, reserved 1114112K
  class space    used 7202K, committed 7872K, reserved 1048576K
}
Event: 49.637 GC heap after
{Heap after GC invocations=1205 (full 3):
 PSYoungGen      total 13312K, used 2016K [0x00000000eab00000, 0x00000000ec000000, 0x0000000100000000)
  eden space 11264K, 0% used [0x00000000eab00000,0x00000000eab00000,0x00000000eb600000)
  from space 2048K, 98% used [0x00000000ebe00000,0x00000000ebff8000,0x00000000ec000000)
  to   space 4096K, 0% used [0x00000000eb800000,0x00000000eb800000,0x00000000ebc00000)
 ParOldGen       total 524800K, used 524675K [0x00000000c0000000, 0x00000000e0080000, 0x00000000eab00000)
  object space 524800K, 99% used [0x00000000c0000000,0x00000000e0060ea0,0x00000000e0080000)
 Metaspace       used 70219K, committed 71808K, reserved 1114112K
  class space    used 7202K, committed 7872K, reserved 1048576K
}
Event: 77.332 GC heap before
{Heap before GC invocations=1206 (full 3):
 PSYoungGen      total 13312K, used 13280K [0x00000000eab00000, 0x00000000ec000000, 0x0000000100000000)
  eden space 11264K, 100% used [0x00000000eab00000,0x00000000eb600000,0x00000000eb600000)
  from space 2048K, 98% used [0x00000000ebe00000,0x00000000ebff8000,0x00000000ec000000)
  to   space 4096K, 0% used [0x00000000eb800000,0x00000000eb800000,0x00000000ebc00000)
 ParOldGen       total 524800K, used 524675K [0x00000000c0000000, 0x00000000e0080000, 0x00000000eab00000)
  object space 524800K, 99% used [0x00000000c0000000,0x00000000e0060ea0,0x00000000e0080000)
 Metaspace       used 70745K, committed 72384K, reserved 1114112K
  class space    used 7282K, committed 8000K, reserved 1048576K
}
Event: 77.336 GC heap after
{Heap after GC invocations=1206 (full 3):
 PSYoungGen      total 15360K, used 594K [0x00000000eab00000, 0x00000000ebe80000, 0x0000000100000000)
  eden space 11264K, 0% used [0x00000000eab00000,0x00000000eab00000,0x00000000eb600000)
  from space 4096K, 14% used [0x00000000eb800000,0x00000000eb894b88,0x00000000ebc00000)
  to   space 1536K, 0% used [0x00000000ebd00000,0x00000000ebd00000,0x00000000ebe80000)
 ParOldGen       total 526848K, used 526547K [0x00000000c0000000, 0x00000000e0280000, 0x00000000eab00000)
  object space 526848K, 99% used [0x00000000c0000000,0x00000000e0234ea0,0x00000000e0280000)
 Metaspace       used 70745K, committed 72384K, reserved 1114112K
  class space    used 7282K, committed 8000K, reserved 1048576K
}
Event: 78.863 GC heap before
{Heap before GC invocations=1207 (full 3):
 PSYoungGen      total 15360K, used 11858K [0x00000000eab00000, 0x00000000ebe80000, 0x0000000100000000)
  eden space 11264K, 100% used [0x00000000eab00000,0x00000000eb600000,0x00000000eb600000)
  from space 4096K, 14% used [0x00000000eb800000,0x00000000eb894b88,0x00000000ebc00000)
  to   space 1536K, 0% used [0x00000000ebd00000,0x00000000ebd00000,0x00000000ebe80000)
 ParOldGen       total 526848K, used 526547K [0x00000000c0000000, 0x00000000e0280000, 0x00000000eab00000)
  object space 526848K, 99% used [0x00000000c0000000,0x00000000e0234ea0,0x00000000e0280000)
 Metaspace       used 71002K, committed 72640K, reserved 1114112K
  class space    used 7295K, committed 8000K, reserved 1048576K
}
Event: 78.865 GC heap after
{Heap after GC invocations=1207 (full 3):
 PSYoungGen      total 12288K, used 707K [0x00000000eab00000, 0x00000000ebe00000, 0x0000000100000000)
  eden space 11264K, 0% used [0x00000000eab00000,0x00000000eab00000,0x00000000eb600000)
  from space 1024K, 69% used [0x00000000ebd00000,0x00000000ebdb0df0,0x00000000ebe00000)
  to   space 1024K, 0% used [0x00000000ebc00000,0x00000000ebc00000,0x00000000ebd00000)
 ParOldGen       total 526848K, used 526731K [0x00000000c0000000, 0x00000000e0280000, 0x00000000eab00000)
  object space 526848K, 99% used [0x00000000c0000000,0x00000000e0262eb0,0x00000000e0280000)
 Metaspace       used 71002K, committed 72640K, reserved 1114112K
  class space    used 7295K, committed 8000K, reserved 1048576K
}
Event: 79.168 GC heap before
{Heap before GC invocations=1208 (full 3):
 PSYoungGen      total 12288K, used 11971K [0x00000000eab00000, 0x00000000ebe00000, 0x0000000100000000)
  eden space 11264K, 100% used [0x00000000eab00000,0x00000000eb600000,0x00000000eb600000)
  from space 1024K, 69% used [0x00000000ebd00000,0x00000000ebdb0df0,0x00000000ebe00000)
  to   space 1024K, 0% used [0x00000000ebc00000,0x00000000ebc00000,0x00000000ebd00000)
 ParOldGen       total 526848K, used 526731K [0x00000000c0000000, 0x00000000e0280000, 0x00000000eab00000)
  object space 526848K, 99% used [0x00000000c0000000,0x00000000e0262eb0,0x00000000e0280000)
 Metaspace       used 71171K, committed 72832K, reserved 1114112K
  class space    used 7325K, committed 8064K, reserved 1048576K
}
Event: 79.171 GC heap after
{Heap after GC invocations=1208 (full 3):
 PSYoungGen      total 12288K, used 1023K [0x00000000eab00000, 0x00000000ebd80000, 0x0000000100000000)
  eden space 11264K, 0% used [0x00000000eab00000,0x00000000eab00000,0x00000000eb600000)
  from space 1024K, 99% used [0x00000000ebc00000,0x00000000ebcfff78,0x00000000ebd00000)
  to   space 512K, 0% used [0x00000000ebd00000,0x00000000ebd00000,0x00000000ebd80000)
 ParOldGen       total 527360K, used 527274K [0x00000000c0000000, 0x00000000e0300000, 0x00000000eab00000)
  object space 527360K, 99% used [0x00000000c0000000,0x00000000e02ea848,0x00000000e0300000)
 Metaspace       used 71171K, committed 72832K, reserved 1114112K
  class space    used 7325K, committed 8064K, reserved 1048576K
}
Event: 79.311 GC heap before
{Heap before GC invocations=1209 (full 3):
 PSYoungGen      total 12288K, used 11765K [0x00000000eab00000, 0x00000000ebd80000, 0x0000000100000000)
  eden space 11264K, 95% used [0x00000000eab00000,0x00000000eb57d770,0x00000000eb600000)
  from space 1024K, 99% used [0x00000000ebc00000,0x00000000ebcfff78,0x00000000ebd00000)
  to   space 512K, 0% used [0x00000000ebd00000,0x00000000ebd00000,0x00000000ebd80000)
 ParOldGen       total 527360K, used 527274K [0x00000000c0000000, 0x00000000e0300000, 0x00000000eab00000)
  object space 527360K, 99% used [0x00000000c0000000,0x00000000e02ea848,0x00000000e0300000)
 Metaspace       used 71625K, committed 73344K, reserved 1114112K
  class space    used 7349K, committed 8064K, reserved 1048576K
}
Event: 79.316 GC heap after
{Heap after GC invocations=1209 (full 3):
 PSYoungGen      total 11776K, used 500K [0x00000000eab00000, 0x00000000ebd80000, 0x0000000100000000)
  eden space 11264K, 0% used [0x00000000eab00000,0x00000000eab00000,0x00000000eb600000)
  from space 512K, 97% used [0x00000000ebd00000,0x00000000ebd7d200,0x00000000ebd80000)
  to   space 1536K, 0% used [0x00000000eba80000,0x00000000eba80000,0x00000000ebc00000)
 ParOldGen       total 528384K, used 527886K [0x00000000c0000000, 0x00000000e0400000, 0x00000000eab00000)
  object space 528384K, 99% used [0x00000000c0000000,0x00000000e0383840,0x00000000e0400000)
 Metaspace       used 71625K, committed 73344K, reserved 1114112K
  class space    used 7349K, committed 8064K, reserved 1048576K
}
Event: 79.336 GC heap before
{Heap before GC invocations=1210 (full 3):
 PSYoungGen      total 11776K, used 10741K [0x00000000eab00000, 0x00000000ebd80000, 0x0000000100000000)
  eden space 11264K, 90% used [0x00000000eab00000,0x00000000eb5003d8,0x00000000eb600000)
  from space 512K, 97% used [0x00000000ebd00000,0x00000000ebd7d200,0x00000000ebd80000)
  to   space 1536K, 0% used [0x00000000eba80000,0x00000000eba80000,0x00000000ebc00000)
 ParOldGen       total 528384K, used 527886K [0x00000000c0000000, 0x00000000e0400000, 0x00000000eab00000)
  object space 528384K, 99% used [0x00000000c0000000,0x00000000e0383840,0x00000000e0400000)
 Metaspace       used 71626K, committed 73344K, reserved 1114112K
  class space    used 7349K, committed 8064K, reserved 1048576K
}
Event: 79.339 GC heap after
{Heap after GC invocations=1210 (full 3):
 PSYoungGen      total 12800K, used 160K [0x00000000eab00000, 0x00000000ebd80000, 0x0000000100000000)
  eden space 11264K, 0% used [0x00000000eab00000,0x00000000eab00000,0x00000000eb600000)
  from space 1536K, 10% used [0x00000000eba80000,0x00000000ebaa8000,0x00000000ebc00000)
  to   space 1024K, 0% used [0x00000000ebc80000,0x00000000ebc80000,0x00000000ebd80000)
 ParOldGen       total 528384K, used 528306K [0x00000000c0000000, 0x00000000e0400000, 0x00000000eab00000)
  object space 528384K, 99% used [0x00000000c0000000,0x00000000e03eca40,0x00000000e0400000)
 Metaspace       used 71626K, committed 73344K, reserved 1114112K
  class space    used 7349K, committed 8064K, reserved 1048576K
}

