# JRE version: OpenJDK Runtime Environment Temurin-21.0.7+6 (21.0.7+6) (build 21.0.7+6-LTS)
# Java VM: OpenJDK 64-Bit Server VM Temurin-21.0.7+6 (21.0.7+6-LTS, mixed mode, sharing, tiered, compressed oops, compressed class ptrs, parallel gc, windows-amd64)
GC Precious Log:
 CardTable entry size: 512
 CPUs: 12 total, 12 available
 Memory: 7498M
 Large Page Support: Disabled
 NUMA Support: Disabled
 Compressed Oops: Enabled (32-bit)
 Alignments: Space 512K, Generation 512K, Heap 2M
 Heap Min Capacity: 100M
 Heap Initial Capacity: 100M
 Heap Max Capacity: 1G
 Pre-touch: Disabled
 Parallel Workers: 10
Heap:
 PSYoungGen      total 22528K, used 12450K [0x00000000eab00000, 0x00000000ec580000, 0x0000000100000000)
  eden space 22016K, 54% used [0x00000000eab00000,0x00000000eb6a8860,0x00000000ec080000)
  from space 512K, 100% used [0x00000000ec480000,0x00000000ec500000,0x00000000ec500000)
  to   space 2560K, 0% used [0x00000000ec080000,0x00000000ec080000,0x00000000ec300000)
 ParOldGen       total 68608K, used 20646K [0x00000000c0000000, 0x00000000c4300000, 0x00000000eab00000)
  object space 68608K, 30% used [0x00000000c0000000,0x00000000c1429bb8,0x00000000c4300000)
 Metaspace       used 39387K, committed 40576K, reserved 1114112K
  class space    used 4030K, committed 4544K, reserved 1048576K
GC Heap History (20 events):
Event: 32.333 GC heap before
{Heap before GC invocations=9 (full 1):
 PSYoungGen      total 29184K, used 5099K [0x00000000eab00000, 0x00000000ece80000, 0x0000000100000000)
  eden space 24064K, 0% used [0x00000000eab00000,0x00000000eab00000,0x00000000ec280000)
  from space 5120K, 99% used [0x00000000ec980000,0x00000000ece7af30,0x00000000ece80000)
  to   space 5632K, 0% used [0x00000000ec380000,0x00000000ec380000,0x00000000ec900000)
 ParOldGen       total 68608K, used 12599K [0x00000000c0000000, 0x00000000c4300000, 0x00000000eab00000)
  object space 68608K, 18% used [0x00000000c0000000,0x00000000c0c4de38,0x00000000c4300000)
 Metaspace       used 20652K, committed 21504K, reserved 1114112K
  class space    used 2095K, committed 2496K, reserved 1048576K
}
Event: 32.383 GC heap after
{Heap after GC invocations=9 (full 1):
 PSYoungGen      total 29184K, used 0K [0x00000000eab00000, 0x00000000ece80000, 0x0000000100000000)
  eden space 24064K, 0% used [0x00000000eab00000,0x00000000eab00000,0x00000000ec280000)
  from space 5120K, 0% used [0x00000000ec980000,0x00000000ec980000,0x00000000ece80000)
  to   space 5632K, 0% used [0x00000000ec380000,0x00000000ec380000,0x00000000ec900000)
 ParOldGen       total 68608K, used 12835K [0x00000000c0000000, 0x00000000c4300000, 0x00000000eab00000)
  object space 68608K, 18% used [0x00000000c0000000,0x00000000c0c88f20,0x00000000c4300000)
 Metaspace       used 20639K, committed 21504K, reserved 1114112K
  class space    used 2092K, committed 2496K, reserved 1048576K
}
Event: 32.686 GC heap before
{Heap before GC invocations=10 (full 1):
 PSYoungGen      total 29184K, used 24064K [0x00000000eab00000, 0x00000000ece80000, 0x0000000100000000)
  eden space 24064K, 100% used [0x00000000eab00000,0x00000000ec280000,0x00000000ec280000)
  from space 5120K, 0% used [0x00000000ec980000,0x00000000ec980000,0x00000000ece80000)
  to   space 5632K, 0% used [0x00000000ec380000,0x00000000ec380000,0x00000000ec900000)
 ParOldGen       total 68608K, used 12835K [0x00000000c0000000, 0x00000000c4300000, 0x00000000eab00000)
  object space 68608K, 18% used [0x00000000c0000000,0x00000000c0c88f20,0x00000000c4300000)
 Metaspace       used 23162K, committed 24064K, reserved 1114112K
  class space    used 2324K, committed 2688K, reserved 1048576K
}
Event: 32.688 GC heap after
{Heap after GC invocations=10 (full 1):
 PSYoungGen      total 27136K, used 3536K [0x00000000eab00000, 0x00000000ecb00000, 0x0000000100000000)
  eden space 23552K, 0% used [0x00000000eab00000,0x00000000eab00000,0x00000000ec200000)
  from space 3584K, 98% used [0x00000000ec380000,0x00000000ec6f4150,0x00000000ec700000)
  to   space 4096K, 0% used [0x00000000ec700000,0x00000000ec700000,0x00000000ecb00000)
 ParOldGen       total 68608K, used 12843K [0x00000000c0000000, 0x00000000c4300000, 0x00000000eab00000)
  object space 68608K, 18% used [0x00000000c0000000,0x00000000c0c8af20,0x00000000c4300000)
 Metaspace       used 23162K, committed 24064K, reserved 1114112K
  class space    used 2324K, committed 2688K, reserved 1048576K
}
Event: 32.897 GC heap before
{Heap before GC invocations=11 (full 1):
 PSYoungGen      total 27136K, used 27088K [0x00000000eab00000, 0x00000000ecb00000, 0x0000000100000000)
  eden space 23552K, 100% used [0x00000000eab00000,0x00000000ec200000,0x00000000ec200000)
  from space 3584K, 98% used [0x00000000ec380000,0x00000000ec6f4150,0x00000000ec700000)
  to   space 4096K, 0% used [0x00000000ec700000,0x00000000ec700000,0x00000000ecb00000)
 ParOldGen       total 68608K, used 12843K [0x00000000c0000000, 0x00000000c4300000, 0x00000000eab00000)
  object space 68608K, 18% used [0x00000000c0000000,0x00000000c0c8af20,0x00000000c4300000)
 Metaspace       used 25988K, committed 26880K, reserved 1114112K
  class space    used 2511K, committed 2880K, reserved 1048576K
}
Event: 32.900 GC heap after
{Heap after GC invocations=11 (full 1):
 PSYoungGen      total 25088K, used 1904K [0x00000000eab00000, 0x00000000ec900000, 0x0000000100000000)
  eden space 23040K, 0% used [0x00000000eab00000,0x00000000eab00000,0x00000000ec180000)
  from space 2048K, 92% used [0x00000000ec700000,0x00000000ec8dc238,0x00000000ec900000)
  to   space 3072K, 0% used [0x00000000ec300000,0x00000000ec300000,0x00000000ec600000)
 ParOldGen       total 68608K, used 12851K [0x00000000c0000000, 0x00000000c4300000, 0x00000000eab00000)
  object space 68608K, 18% used [0x00000000c0000000,0x00000000c0c8cf20,0x00000000c4300000)
 Metaspace       used 25988K, committed 26880K, reserved 1114112K
  class space    used 2511K, committed 2880K, reserved 1048576K
}
Event: 33.047 GC heap before
{Heap before GC invocations=12 (full 1):
 PSYoungGen      total 25088K, used 24944K [0x00000000eab00000, 0x00000000ec900000, 0x0000000100000000)
  eden space 23040K, 100% used [0x00000000eab00000,0x00000000ec180000,0x00000000ec180000)
  from space 2048K, 92% used [0x00000000ec700000,0x00000000ec8dc238,0x00000000ec900000)
  to   space 3072K, 0% used [0x00000000ec300000,0x00000000ec300000,0x00000000ec600000)
 ParOldGen       total 68608K, used 12851K [0x00000000c0000000, 0x00000000c4300000, 0x00000000eab00000)
  object space 68608K, 18% used [0x00000000c0000000,0x00000000c0c8cf20,0x00000000c4300000)
 Metaspace       used 27736K, committed 28608K, reserved 1114112K
  class space    used 2641K, committed 3008K, reserved 1048576K
}
Event: 33.050 GC heap after
{Heap after GC invocations=12 (full 1):
 PSYoungGen      total 24576K, used 2024K [0x00000000eab00000, 0x00000000ec780000, 0x0000000100000000)
  eden space 22528K, 0% used [0x00000000eab00000,0x00000000eab00000,0x00000000ec100000)
  from space 2048K, 98% used [0x00000000ec300000,0x00000000ec4fa2b0,0x00000000ec500000)
  to   space 2560K, 0% used [0x00000000ec500000,0x00000000ec500000,0x00000000ec780000)
 ParOldGen       total 68608K, used 14570K [0x00000000c0000000, 0x00000000c4300000, 0x00000000eab00000)
  object space 68608K, 21% used [0x00000000c0000000,0x00000000c0e3aa38,0x00000000c4300000)
 Metaspace       used 27736K, committed 28608K, reserved 1114112K
  class space    used 2641K, committed 3008K, reserved 1048576K
}
Event: 35.612 GC heap before
{Heap before GC invocations=13 (full 1):
 PSYoungGen      total 24576K, used 24552K [0x00000000eab00000, 0x00000000ec780000, 0x0000000100000000)
  eden space 22528K, 100% used [0x00000000eab00000,0x00000000ec100000,0x00000000ec100000)
  from space 2048K, 98% used [0x00000000ec300000,0x00000000ec4fa2b0,0x00000000ec500000)
  to   space 2560K, 0% used [0x00000000ec500000,0x00000000ec500000,0x00000000ec780000)
 ParOldGen       total 68608K, used 14570K [0x00000000c0000000, 0x00000000c4300000, 0x00000000eab00000)
  object space 68608K, 21% used [0x00000000c0000000,0x00000000c0e3aa38,0x00000000c4300000)
 Metaspace       used 30510K, committed 31616K, reserved 1114112K
  class space    used 2917K, committed 3392K, reserved 1048576K
}
Event: 35.615 GC heap after
{Heap after GC invocations=13 (full 1):
 PSYoungGen      total 24064K, used 1546K [0x00000000eab00000, 0x00000000ec700000, 0x0000000100000000)
  eden space 22016K, 0% used [0x00000000eab00000,0x00000000eab00000,0x00000000ec080000)
  from space 2048K, 75% used [0x00000000ec500000,0x00000000ec682868,0x00000000ec700000)
  to   space 2048K, 0% used [0x00000000ec300000,0x00000000ec300000,0x00000000ec500000)
 ParOldGen       total 68608K, used 16431K [0x00000000c0000000, 0x00000000c4300000, 0x00000000eab00000)
  object space 68608K, 23% used [0x00000000c0000000,0x00000000c100bc88,0x00000000c4300000)
 Metaspace       used 30510K, committed 31616K, reserved 1114112K
  class space    used 2917K, committed 3392K, reserved 1048576K
}
Event: 35.959 GC heap before
{Heap before GC invocations=14 (full 1):
 PSYoungGen      total 24064K, used 23553K [0x00000000eab00000, 0x00000000ec700000, 0x0000000100000000)
  eden space 22016K, 99% used [0x00000000eab00000,0x00000000ec07df30,0x00000000ec080000)
  from space 2048K, 75% used [0x00000000ec500000,0x00000000ec682868,0x00000000ec700000)
  to   space 2048K, 0% used [0x00000000ec300000,0x00000000ec300000,0x00000000ec500000)
 ParOldGen       total 68608K, used 16431K [0x00000000c0000000, 0x00000000c4300000, 0x00000000eab00000)
  object space 68608K, 23% used [0x00000000c0000000,0x00000000c100bc88,0x00000000c4300000)
 Metaspace       used 33574K, committed 34624K, reserved 1114112K
  class space    used 3315K, committed 3712K, reserved 1048576K
}
Event: 35.962 GC heap after
{Heap after GC invocations=14 (full 1):
 PSYoungGen      total 23552K, used 1152K [0x00000000eab00000, 0x00000000ec580000, 0x0000000100000000)
  eden space 22016K, 0% used [0x00000000eab00000,0x00000000eab00000,0x00000000ec080000)
  from space 1536K, 75% used [0x00000000ec300000,0x00000000ec420000,0x00000000ec480000)
  to   space 1024K, 0% used [0x00000000ec480000,0x00000000ec480000,0x00000000ec580000)
 ParOldGen       total 68608K, used 17745K [0x00000000c0000000, 0x00000000c4300000, 0x00000000eab00000)
  object space 68608K, 25% used [0x00000000c0000000,0x00000000c11546a0,0x00000000c4300000)
 Metaspace       used 33574K, committed 34624K, reserved 1114112K
  class space    used 3315K, committed 3712K, reserved 1048576K
}
Event: 36.081 GC heap before
{Heap before GC invocations=15 (full 1):
 PSYoungGen      total 23552K, used 10652K [0x00000000eab00000, 0x00000000ec580000, 0x0000000100000000)
  eden space 22016K, 43% used [0x00000000eab00000,0x00000000eb447178,0x00000000ec080000)
  from space 1536K, 75% used [0x00000000ec300000,0x00000000ec420000,0x00000000ec480000)
  to   space 1024K, 0% used [0x00000000ec480000,0x00000000ec480000,0x00000000ec580000)
 ParOldGen       total 68608K, used 17745K [0x00000000c0000000, 0x00000000c4300000, 0x00000000eab00000)
  object space 68608K, 25% used [0x00000000c0000000,0x00000000c11546a0,0x00000000c4300000)
 Metaspace       used 34693K, committed 35840K, reserved 1114112K
  class space    used 3454K, committed 3968K, reserved 1048576K
}
Event: 36.084 GC heap after
{Heap after GC invocations=15 (full 1):
 PSYoungGen      total 23040K, used 898K [0x00000000eab00000, 0x00000000ec580000, 0x0000000100000000)
  eden space 22016K, 0% used [0x00000000eab00000,0x00000000eab00000,0x00000000ec080000)
  from space 1024K, 87% used [0x00000000ec480000,0x00000000ec560970,0x00000000ec580000)
  to   space 1024K, 0% used [0x00000000ec380000,0x00000000ec380000,0x00000000ec480000)
 ParOldGen       total 68608K, used 18757K [0x00000000c0000000, 0x00000000c4300000, 0x00000000eab00000)
  object space 68608K, 27% used [0x00000000c0000000,0x00000000c1251458,0x00000000c4300000)
 Metaspace       used 34693K, committed 35840K, reserved 1114112K
  class space    used 3454K, committed 3968K, reserved 1048576K
}
Event: 36.084 GC heap before
{Heap before GC invocations=16 (full 2):
 PSYoungGen      total 23040K, used 898K [0x00000000eab00000, 0x00000000ec580000, 0x0000000100000000)
  eden space 22016K, 0% used [0x00000000eab00000,0x00000000eab00000,0x00000000ec080000)
  from space 1024K, 87% used [0x00000000ec480000,0x00000000ec560970,0x00000000ec580000)
  to   space 1024K, 0% used [0x00000000ec380000,0x00000000ec380000,0x00000000ec480000)
 ParOldGen       total 68608K, used 18757K [0x00000000c0000000, 0x00000000c4300000, 0x00000000eab00000)
  object space 68608K, 27% used [0x00000000c0000000,0x00000000c1251458,0x00000000c4300000)
 Metaspace       used 34693K, committed 35840K, reserved 1114112K
  class space    used 3454K, committed 3968K, reserved 1048576K
}
Event: 36.132 GC heap after
{Heap after GC invocations=16 (full 2):
 PSYoungGen      total 23040K, used 0K [0x00000000eab00000, 0x00000000ec580000, 0x0000000100000000)
  eden space 22016K, 0% used [0x00000000eab00000,0x00000000eab00000,0x00000000ec080000)
  from space 1024K, 0% used [0x00000000ec480000,0x00000000ec480000,0x00000000ec580000)
  to   space 1024K, 0% used [0x00000000ec380000,0x00000000ec380000,0x00000000ec480000)
 ParOldGen       total 68608K, used 18177K [0x00000000c0000000, 0x00000000c4300000, 0x00000000eab00000)
  object space 68608K, 26% used [0x00000000c0000000,0x00000000c11c0698,0x00000000c4300000)
 Metaspace       used 34693K, committed 35840K, reserved 1114112K
  class space    used 3454K, committed 3968K, reserved 1048576K
}
Event: 36.370 GC heap before
{Heap before GC invocations=17 (full 2):
 PSYoungGen      total 23040K, used 22016K [0x00000000eab00000, 0x00000000ec580000, 0x0000000100000000)
  eden space 22016K, 100% used [0x00000000eab00000,0x00000000ec080000,0x00000000ec080000)
  from space 1024K, 0% used [0x00000000ec480000,0x00000000ec480000,0x00000000ec580000)
  to   space 1024K, 0% used [0x00000000ec380000,0x00000000ec380000,0x00000000ec480000)
 ParOldGen       total 68608K, used 18177K [0x00000000c0000000, 0x00000000c4300000, 0x00000000eab00000)
  object space 68608K, 26% used [0x00000000c0000000,0x00000000c11c0698,0x00000000c4300000)
 Metaspace       used 36589K, committed 37696K, reserved 1114112K
  class space    used 3705K, committed 4160K, reserved 1048576K
}
Event: 36.372 GC heap after
{Heap after GC invocations=17 (full 2):
 PSYoungGen      total 23040K, used 1014K [0x00000000eab00000, 0x00000000ec500000, 0x0000000100000000)
  eden space 22016K, 0% used [0x00000000eab00000,0x00000000eab00000,0x00000000ec080000)
  from space 1024K, 99% used [0x00000000ec380000,0x00000000ec47dba0,0x00000000ec480000)
  to   space 512K, 0% used [0x00000000ec480000,0x00000000ec480000,0x00000000ec500000)
 ParOldGen       total 68608K, used 18849K [0x00000000c0000000, 0x00000000c4300000, 0x00000000eab00000)
  object space 68608K, 27% used [0x00000000c0000000,0x00000000c12686a8,0x00000000c4300000)
 Metaspace       used 36589K, committed 37696K, reserved 1114112K
  class space    used 3705K, committed 4160K, reserved 1048576K
}
Event: 36.671 GC heap before
{Heap before GC invocations=18 (full 2):
 PSYoungGen      total 23040K, used 23030K [0x00000000eab00000, 0x00000000ec500000, 0x0000000100000000)
  eden space 22016K, 99% used [0x00000000eab00000,0x00000000ec07ffe0,0x00000000ec080000)
  from space 1024K, 99% used [0x00000000ec380000,0x00000000ec47dba0,0x00000000ec480000)
  to   space 512K, 0% used [0x00000000ec480000,0x00000000ec480000,0x00000000ec500000)
 ParOldGen       total 68608K, used 18849K [0x00000000c0000000, 0x00000000c4300000, 0x00000000eab00000)
  object space 68608K, 27% used [0x00000000c0000000,0x00000000c12686a8,0x00000000c4300000)
 Metaspace       used 38282K, committed 39360K, reserved 1114112K
  class space    used 3908K, committed 4352K, reserved 1048576K
}
Event: 36.674 GC heap after
{Heap after GC invocations=18 (full 2):
 PSYoungGen      total 22528K, used 512K [0x00000000eab00000, 0x00000000ec580000, 0x0000000100000000)
  eden space 22016K, 0% used [0x00000000eab00000,0x00000000eab00000,0x00000000ec080000)
  from space 512K, 100% used [0x00000000ec480000,0x00000000ec500000,0x00000000ec500000)
  to   space 2560K, 0% used [0x00000000ec080000,0x00000000ec080000,0x00000000ec300000)
 ParOldGen       total 68608K, used 20646K [0x00000000c0000000, 0x00000000c4300000, 0x00000000eab00000)
  object space 68608K, 30% used [0x00000000c0000000,0x00000000c1429bb8,0x00000000c4300000)
 Metaspace       used 38282K, committed 39360K, reserved 1114112K
  class space    used 3908K, committed 4352K, reserved 1048576K
}

