# JRE version: OpenJDK Runtime Environment Temurin-21.0.7+6 (21.0.7+6) (build 21.0.7+6-LTS)
# Java VM: OpenJDK 64-Bit Server VM Temurin-21.0.7+6 (21.0.7+6-LTS, mixed mode, sharing, tiered, compressed oops, compressed class ptrs, parallel gc, windows-amd64)
GC Precious Log:
 CardTable entry size: 512
 CPUs: 12 total, 12 available
 Memory: 7498M
 Large Page Support: Disabled
 NUMA Support: Disabled
 Compressed Oops: Enabled (32-bit)
 Alignments: Space 512K, Generation 512K, Heap 2M
 Heap Min Capacity: 100M
 Heap Initial Capacity: 100M
 Heap Max Capacity: 1G
 Pre-touch: Disabled
 Parallel Workers: 10
Heap:
 PSYoungGen      total 14336K, used 12880K [0x00000000eab00000, 0x00000000ebb80000, 0x0000000100000000)
  eden space 11776K, 87% used [0x00000000eab00000,0x00000000eb519bb0,0x00000000eb680000)
  from space 2560K, 99% used [0x00000000eb680000,0x00000000eb8fa758,0x00000000eb900000)
  to   space 2560K, 0% used [0x00000000eb900000,0x00000000eb900000,0x00000000ebb80000)
 ParOldGen       total 117248K, used 116870K [0x00000000c0000000, 0x00000000c7280000, 0x00000000eab00000)
  object space 117248K, 99% used [0x00000000c0000000,0x00000000c7221938,0x00000000c7280000)
 Metaspace       used 54285K, committed 55680K, reserved 1114112K
  class space    used 5700K, committed 6336K, reserved 1048576K
GC Heap History (20 events):
Event: 8.291 GC heap before
{Heap before GC invocations=50 (full 2):
 PSYoungGen      total 14848K, used 14362K [0x00000000eab00000, 0x00000000ebc80000, 0x0000000100000000)
  eden space 11776K, 100% used [0x00000000eab00000,0x00000000eb680000,0x00000000eb680000)
  from space 3072K, 84% used [0x00000000eb680000,0x00000000eb906b18,0x00000000eb980000)
  to   space 3072K, 0% used [0x00000000eb980000,0x00000000eb980000,0x00000000ebc80000)
 ParOldGen       total 97792K, used 97608K [0x00000000c0000000, 0x00000000c5f80000, 0x00000000eab00000)
  object space 97792K, 99% used [0x00000000c0000000,0x00000000c5f52160,0x00000000c5f80000)
 Metaspace       used 52432K, committed 53824K, reserved 1114112K
  class space    used 5538K, committed 6144K, reserved 1048576K
}
Event: 8.295 GC heap after
{Heap after GC invocations=50 (full 2):
 PSYoungGen      total 14848K, used 2536K [0x00000000eab00000, 0x00000000ebc80000, 0x0000000100000000)
  eden space 11776K, 0% used [0x00000000eab00000,0x00000000eab00000,0x00000000eb680000)
  from space 3072K, 82% used [0x00000000eb980000,0x00000000ebbfa0d8,0x00000000ebc80000)
  to   space 3072K, 0% used [0x00000000eb680000,0x00000000eb680000,0x00000000eb980000)
 ParOldGen       total 100352K, used 100007K [0x00000000c0000000, 0x00000000c6200000, 0x00000000eab00000)
  object space 100352K, 99% used [0x00000000c0000000,0x00000000c61a9c48,0x00000000c6200000)
 Metaspace       used 52432K, committed 53824K, reserved 1114112K
  class space    used 5538K, committed 6144K, reserved 1048576K
}
Event: 8.333 GC heap before
{Heap before GC invocations=51 (full 2):
 PSYoungGen      total 14848K, used 14312K [0x00000000eab00000, 0x00000000ebc80000, 0x0000000100000000)
  eden space 11776K, 100% used [0x00000000eab00000,0x00000000eb680000,0x00000000eb680000)
  from space 3072K, 82% used [0x00000000eb980000,0x00000000ebbfa0d8,0x00000000ebc80000)
  to   space 3072K, 0% used [0x00000000eb680000,0x00000000eb680000,0x00000000eb980000)
 ParOldGen       total 100352K, used 100007K [0x00000000c0000000, 0x00000000c6200000, 0x00000000eab00000)
  object space 100352K, 99% used [0x00000000c0000000,0x00000000c61a9c48,0x00000000c6200000)
 Metaspace       used 52578K, committed 54016K, reserved 1114112K
  class space    used 5550K, committed 6208K, reserved 1048576K
}
Event: 8.336 GC heap after
{Heap after GC invocations=51 (full 2):
 PSYoungGen      total 14848K, used 3065K [0x00000000eab00000, 0x00000000ec280000, 0x0000000100000000)
  eden space 11776K, 0% used [0x00000000eab00000,0x00000000eab00000,0x00000000eb680000)
  from space 3072K, 99% used [0x00000000eb680000,0x00000000eb97e740,0x00000000eb980000)
  to   space 6144K, 0% used [0x00000000ebc80000,0x00000000ebc80000,0x00000000ec280000)
 ParOldGen       total 102400K, used 102389K [0x00000000c0000000, 0x00000000c6400000, 0x00000000eab00000)
  object space 102400K, 99% used [0x00000000c0000000,0x00000000c63fd688,0x00000000c6400000)
 Metaspace       used 52578K, committed 54016K, reserved 1114112K
  class space    used 5550K, committed 6208K, reserved 1048576K
}
Event: 8.359 GC heap before
{Heap before GC invocations=52 (full 2):
 PSYoungGen      total 14848K, used 14825K [0x00000000eab00000, 0x00000000ec280000, 0x0000000100000000)
  eden space 11776K, 99% used [0x00000000eab00000,0x00000000eb67bff8,0x00000000eb680000)
  from space 3072K, 99% used [0x00000000eb680000,0x00000000eb97e740,0x00000000eb980000)
  to   space 6144K, 0% used [0x00000000ebc80000,0x00000000ebc80000,0x00000000ec280000)
 ParOldGen       total 102400K, used 102389K [0x00000000c0000000, 0x00000000c6400000, 0x00000000eab00000)
  object space 102400K, 99% used [0x00000000c0000000,0x00000000c63fd688,0x00000000c6400000)
 Metaspace       used 52586K, committed 54016K, reserved 1114112K
  class space    used 5550K, committed 6208K, reserved 1048576K
}
Event: 8.362 GC heap after
{Heap after GC invocations=52 (full 2):
 PSYoungGen      total 13312K, used 1427K [0x00000000eab00000, 0x00000000ebe00000, 0x0000000100000000)
  eden space 11776K, 0% used [0x00000000eab00000,0x00000000eab00000,0x00000000eb680000)
  from space 1536K, 92% used [0x00000000ebc80000,0x00000000ebde4cf8,0x00000000ebe00000)
  to   space 3072K, 0% used [0x00000000eb800000,0x00000000eb800000,0x00000000ebb00000)
 ParOldGen       total 104960K, used 104705K [0x00000000c0000000, 0x00000000c6680000, 0x00000000eab00000)
  object space 104960K, 99% used [0x00000000c0000000,0x00000000c66407c0,0x00000000c6680000)
 Metaspace       used 52586K, committed 54016K, reserved 1114112K
  class space    used 5550K, committed 6208K, reserved 1048576K
}
Event: 8.395 GC heap before
{Heap before GC invocations=53 (full 2):
 PSYoungGen      total 13312K, used 13203K [0x00000000eab00000, 0x00000000ebe00000, 0x0000000100000000)
  eden space 11776K, 100% used [0x00000000eab00000,0x00000000eb680000,0x00000000eb680000)
  from space 1536K, 92% used [0x00000000ebc80000,0x00000000ebde4cf8,0x00000000ebe00000)
  to   space 3072K, 0% used [0x00000000eb800000,0x00000000eb800000,0x00000000ebb00000)
 ParOldGen       total 104960K, used 104705K [0x00000000c0000000, 0x00000000c6680000, 0x00000000eab00000)
  object space 104960K, 99% used [0x00000000c0000000,0x00000000c66407c0,0x00000000c6680000)
 Metaspace       used 52605K, committed 54016K, reserved 1114112K
  class space    used 5550K, committed 6208K, reserved 1048576K
}
Event: 8.397 GC heap after
{Heap after GC invocations=53 (full 2):
 PSYoungGen      total 14336K, used 2446K [0x00000000eab00000, 0x00000000ebd00000, 0x0000000100000000)
  eden space 11776K, 0% used [0x00000000eab00000,0x00000000eab00000,0x00000000eb680000)
  from space 2560K, 95% used [0x00000000eb800000,0x00000000eba63850,0x00000000eba80000)
  to   space 2560K, 0% used [0x00000000eba80000,0x00000000eba80000,0x00000000ebd00000)
 ParOldGen       total 105984K, used 105685K [0x00000000c0000000, 0x00000000c6780000, 0x00000000eab00000)
  object space 105984K, 99% used [0x00000000c0000000,0x00000000c6735470,0x00000000c6780000)
 Metaspace       used 52605K, committed 54016K, reserved 1114112K
  class space    used 5550K, committed 6208K, reserved 1048576K
}
Event: 8.422 GC heap before
{Heap before GC invocations=54 (full 2):
 PSYoungGen      total 14336K, used 14222K [0x00000000eab00000, 0x00000000ebd00000, 0x0000000100000000)
  eden space 11776K, 100% used [0x00000000eab00000,0x00000000eb680000,0x00000000eb680000)
  from space 2560K, 95% used [0x00000000eb800000,0x00000000eba63850,0x00000000eba80000)
  to   space 2560K, 0% used [0x00000000eba80000,0x00000000eba80000,0x00000000ebd00000)
 ParOldGen       total 105984K, used 105685K [0x00000000c0000000, 0x00000000c6780000, 0x00000000eab00000)
  object space 105984K, 99% used [0x00000000c0000000,0x00000000c6735470,0x00000000c6780000)
 Metaspace       used 52605K, committed 54016K, reserved 1114112K
  class space    used 5550K, committed 6208K, reserved 1048576K
}
Event: 8.424 GC heap after
{Heap after GC invocations=54 (full 2):
 PSYoungGen      total 14336K, used 2504K [0x00000000eab00000, 0x00000000ebd00000, 0x0000000100000000)
  eden space 11776K, 0% used [0x00000000eab00000,0x00000000eab00000,0x00000000eb680000)
  from space 2560K, 97% used [0x00000000eba80000,0x00000000ebcf2040,0x00000000ebd00000)
  to   space 2560K, 0% used [0x00000000eb800000,0x00000000eb800000,0x00000000eba80000)
 ParOldGen       total 107520K, used 107074K [0x00000000c0000000, 0x00000000c6900000, 0x00000000eab00000)
  object space 107520K, 99% used [0x00000000c0000000,0x00000000c6890970,0x00000000c6900000)
 Metaspace       used 52605K, committed 54016K, reserved 1114112K
  class space    used 5550K, committed 6208K, reserved 1048576K
}
Event: 8.441 GC heap before
{Heap before GC invocations=55 (full 2):
 PSYoungGen      total 14336K, used 14280K [0x00000000eab00000, 0x00000000ebd00000, 0x0000000100000000)
  eden space 11776K, 100% used [0x00000000eab00000,0x00000000eb680000,0x00000000eb680000)
  from space 2560K, 97% used [0x00000000eba80000,0x00000000ebcf2040,0x00000000ebd00000)
  to   space 2560K, 0% used [0x00000000eb800000,0x00000000eb800000,0x00000000eba80000)
 ParOldGen       total 107520K, used 107074K [0x00000000c0000000, 0x00000000c6900000, 0x00000000eab00000)
  object space 107520K, 99% used [0x00000000c0000000,0x00000000c6890970,0x00000000c6900000)
 Metaspace       used 52606K, committed 54016K, reserved 1114112K
  class space    used 5550K, committed 6208K, reserved 1048576K
}
Event: 8.443 GC heap after
{Heap after GC invocations=55 (full 2):
 PSYoungGen      total 13824K, used 1650K [0x00000000eab00000, 0x00000000ebb00000, 0x0000000100000000)
  eden space 11776K, 0% used [0x00000000eab00000,0x00000000eab00000,0x00000000eb680000)
  from space 2048K, 80% used [0x00000000eb800000,0x00000000eb99cb40,0x00000000eba00000)
  to   space 1024K, 0% used [0x00000000eba00000,0x00000000eba00000,0x00000000ebb00000)
 ParOldGen       total 109056K, used 108590K [0x00000000c0000000, 0x00000000c6a80000, 0x00000000eab00000)
  object space 109056K, 99% used [0x00000000c0000000,0x00000000c6a0b9e0,0x00000000c6a80000)
 Metaspace       used 52606K, committed 54016K, reserved 1114112K
  class space    used 5550K, committed 6208K, reserved 1048576K
}
Event: 8.477 GC heap before
{Heap before GC invocations=56 (full 2):
 PSYoungGen      total 13824K, used 13426K [0x00000000eab00000, 0x00000000ebb00000, 0x0000000100000000)
  eden space 11776K, 100% used [0x00000000eab00000,0x00000000eb680000,0x00000000eb680000)
  from space 2048K, 80% used [0x00000000eb800000,0x00000000eb99cb40,0x00000000eba00000)
  to   space 1024K, 0% used [0x00000000eba00000,0x00000000eba00000,0x00000000ebb00000)
 ParOldGen       total 109056K, used 108590K [0x00000000c0000000, 0x00000000c6a80000, 0x00000000eab00000)
  object space 109056K, 99% used [0x00000000c0000000,0x00000000c6a0b9e0,0x00000000c6a80000)
 Metaspace       used 52899K, committed 54272K, reserved 1114112K
  class space    used 5568K, committed 6208K, reserved 1048576K
}
Event: 8.479 GC heap after
{Heap after GC invocations=56 (full 2):
 PSYoungGen      total 12800K, used 1006K [0x00000000eab00000, 0x00000000ebb80000, 0x0000000100000000)
  eden space 11776K, 0% used [0x00000000eab00000,0x00000000eab00000,0x00000000eb680000)
  from space 1024K, 98% used [0x00000000eba00000,0x00000000ebafb918,0x00000000ebb00000)
  to   space 2560K, 0% used [0x00000000eb680000,0x00000000eb680000,0x00000000eb900000)
 ParOldGen       total 110080K, used 109981K [0x00000000c0000000, 0x00000000c6b80000, 0x00000000eab00000)
  object space 110080K, 99% used [0x00000000c0000000,0x00000000c6b674c8,0x00000000c6b80000)
 Metaspace       used 52899K, committed 54272K, reserved 1114112K
  class space    used 5568K, committed 6208K, reserved 1048576K
}
Event: 8.520 GC heap before
{Heap before GC invocations=57 (full 2):
 PSYoungGen      total 12800K, used 12782K [0x00000000eab00000, 0x00000000ebb80000, 0x0000000100000000)
  eden space 11776K, 100% used [0x00000000eab00000,0x00000000eb680000,0x00000000eb680000)
  from space 1024K, 98% used [0x00000000eba00000,0x00000000ebafb918,0x00000000ebb00000)
  to   space 2560K, 0% used [0x00000000eb680000,0x00000000eb680000,0x00000000eb900000)
 ParOldGen       total 110080K, used 109981K [0x00000000c0000000, 0x00000000c6b80000, 0x00000000eab00000)
  object space 110080K, 99% used [0x00000000c0000000,0x00000000c6b674c8,0x00000000c6b80000)
 Metaspace       used 53474K, committed 54848K, reserved 1114112K
  class space    used 5629K, committed 6272K, reserved 1048576K
}
Event: 8.523 GC heap after
{Heap after GC invocations=57 (full 2):
 PSYoungGen      total 14336K, used 2356K [0x00000000eab00000, 0x00000000ebb80000, 0x0000000100000000)
  eden space 11776K, 0% used [0x00000000eab00000,0x00000000eab00000,0x00000000eb680000)
  from space 2560K, 92% used [0x00000000eb680000,0x00000000eb8cd348,0x00000000eb900000)
  to   space 2560K, 0% used [0x00000000eb900000,0x00000000eb900000,0x00000000ebb80000)
 ParOldGen       total 111104K, used 110957K [0x00000000c0000000, 0x00000000c6c80000, 0x00000000eab00000)
  object space 111104K, 99% used [0x00000000c0000000,0x00000000c6c5b488,0x00000000c6c80000)
 Metaspace       used 53474K, committed 54848K, reserved 1114112K
  class space    used 5629K, committed 6272K, reserved 1048576K
}
Event: 8.585 GC heap before
{Heap before GC invocations=58 (full 2):
 PSYoungGen      total 14336K, used 14129K [0x00000000eab00000, 0x00000000ebb80000, 0x0000000100000000)
  eden space 11776K, 99% used [0x00000000eab00000,0x00000000eb67f180,0x00000000eb680000)
  from space 2560K, 92% used [0x00000000eb680000,0x00000000eb8cd348,0x00000000eb900000)
  to   space 2560K, 0% used [0x00000000eb900000,0x00000000eb900000,0x00000000ebb80000)
 ParOldGen       total 111104K, used 110957K [0x00000000c0000000, 0x00000000c6c80000, 0x00000000eab00000)
  object space 111104K, 99% used [0x00000000c0000000,0x00000000c6c5b488,0x00000000c6c80000)
 Metaspace       used 53854K, committed 55232K, reserved 1114112K
  class space    used 5653K, committed 6272K, reserved 1048576K
}
Event: 8.589 GC heap after
{Heap after GC invocations=58 (full 2):
 PSYoungGen      total 14336K, used 2182K [0x00000000eab00000, 0x00000000ebb80000, 0x0000000100000000)
  eden space 11776K, 0% used [0x00000000eab00000,0x00000000eab00000,0x00000000eb680000)
  from space 2560K, 85% used [0x00000000eb900000,0x00000000ebb21b20,0x00000000ebb80000)
  to   space 2560K, 0% used [0x00000000eb680000,0x00000000eb680000,0x00000000eb900000)
 ParOldGen       total 115200K, used 114801K [0x00000000c0000000, 0x00000000c7080000, 0x00000000eab00000)
  object space 115200K, 99% used [0x00000000c0000000,0x00000000c701c660,0x00000000c7080000)
 Metaspace       used 53854K, committed 55232K, reserved 1114112K
  class space    used 5653K, committed 6272K, reserved 1048576K
}
Event: 8.663 GC heap before
{Heap before GC invocations=59 (full 2):
 PSYoungGen      total 14336K, used 13958K [0x00000000eab00000, 0x00000000ebb80000, 0x0000000100000000)
  eden space 11776K, 100% used [0x00000000eab00000,0x00000000eb680000,0x00000000eb680000)
  from space 2560K, 85% used [0x00000000eb900000,0x00000000ebb21b20,0x00000000ebb80000)
  to   space 2560K, 0% used [0x00000000eb680000,0x00000000eb680000,0x00000000eb900000)
 ParOldGen       total 115200K, used 114801K [0x00000000c0000000, 0x00000000c7080000, 0x00000000eab00000)
  object space 115200K, 99% used [0x00000000c0000000,0x00000000c701c660,0x00000000c7080000)
 Metaspace       used 54080K, committed 55488K, reserved 1114112K
  class space    used 5682K, committed 6336K, reserved 1048576K
}
Event: 9.743 GC heap after
{Heap after GC invocations=59 (full 2):
 PSYoungGen      total 14336K, used 2537K [0x00000000eab00000, 0x00000000ebb80000, 0x0000000100000000)
  eden space 11776K, 0% used [0x00000000eab00000,0x00000000eab00000,0x00000000eb680000)
  from space 2560K, 99% used [0x00000000eb680000,0x00000000eb8fa758,0x00000000eb900000)
  to   space 2560K, 0% used [0x00000000eb900000,0x00000000eb900000,0x00000000ebb80000)
 ParOldGen       total 117248K, used 116870K [0x00000000c0000000, 0x00000000c7280000, 0x00000000eab00000)
  object space 117248K, 99% used [0x00000000c0000000,0x00000000c7221938,0x00000000c7280000)
 Metaspace       used 54080K, committed 55488K, reserved 1114112K
  class space    used 5682K, committed 6336K, reserved 1048576K
}

