# JRE version: OpenJDK Runtime Environment Temurin-21.0.7+6 (21.0.7+6) (build 21.0.7+6-LTS)
# Java VM: OpenJDK 64-Bit Server VM Temurin-21.0.7+6 (21.0.7+6-LTS, mixed mode, sharing, tiered, compressed oops, compressed class ptrs, parallel gc, windows-amd64)
GC Precious Log:
 CardTable entry size: 512
 CPUs: 12 total, 12 available
 Memory: 7498M
 Large Page Support: Disabled
 NUMA Support: Disabled
 Compressed Oops: Enabled (32-bit)
 Alignments: Space 512K, Generation 512K, Heap 2M
 Heap Min Capacity: 100M
 Heap Initial Capacity: 100M
 Heap Max Capacity: 1G
 Pre-touch: Disabled
 Parallel Workers: 10
Heap:
 PSYoungGen      total 4096K, used 832K [0x00000000eab00000, 0x00000000eb000000, 0x0000000100000000)
  eden space 3072K, 0% used [0x00000000eab00000,0x00000000eab00000,0x00000000eae00000)
  from space 1024K, 81% used [0x00000000eae00000,0x00000000eaed0010,0x00000000eaf00000)
  to   space 1024K, 0% used [0x00000000eaf00000,0x00000000eaf00000,0x00000000eb000000)
 ParOldGen       total 226816K, used 217587K [0x00000000c0000000, 0x00000000cdd80000, 0x00000000eab00000)
  object space 226816K, 95% used [0x00000000c0000000,0x00000000cd47cf78,0x00000000cdd80000)
 Metaspace       used 59498K, committed 60864K, reserved 1114112K
  class space    used 6062K, committed 6656K, reserved 1048576K
GC Heap History (20 events):
Event: 16.794 GC heap before
{Heap before GC invocations=277 (full 3):
 PSYoungGen      total 3072K, used 2691K [0x00000000eab00000, 0x00000000eaf00000, 0x0000000100000000)
  eden space 2048K, 100% used [0x00000000eab00000,0x00000000ead00000,0x00000000ead00000)
  from space 1024K, 62% used [0x00000000ead00000,0x00000000eada0d38,0x00000000eae00000)
  to   space 1024K, 0% used [0x00000000eae00000,0x00000000eae00000,0x00000000eaf00000)
 ParOldGen       total 225280K, used 224835K [0x00000000c0000000, 0x00000000cdc00000, 0x00000000eab00000)
  object space 225280K, 99% used [0x00000000c0000000,0x00000000cdb90db8,0x00000000cdc00000)
 Metaspace       used 59470K, committed 60800K, reserved 1114112K
  class space    used 6062K, committed 6656K, reserved 1048576K
}
Event: 16.797 GC heap after
{Heap after GC invocations=277 (full 3):
 PSYoungGen      total 3072K, used 640K [0x00000000eab00000, 0x00000000eaf00000, 0x0000000100000000)
  eden space 2048K, 0% used [0x00000000eab00000,0x00000000eab00000,0x00000000ead00000)
  from space 1024K, 62% used [0x00000000eae00000,0x00000000eaea0000,0x00000000eaf00000)
  to   space 1024K, 0% used [0x00000000ead00000,0x00000000ead00000,0x00000000eae00000)
 ParOldGen       total 225792K, used 225344K [0x00000000c0000000, 0x00000000cdc80000, 0x00000000eab00000)
  object space 225792K, 99% used [0x00000000c0000000,0x00000000cdc10250,0x00000000cdc80000)
 Metaspace       used 59470K, committed 60800K, reserved 1114112K
  class space    used 6062K, committed 6656K, reserved 1048576K
}
Event: 16.814 GC heap before
{Heap before GC invocations=278 (full 3):
 PSYoungGen      total 3072K, used 2688K [0x00000000eab00000, 0x00000000eaf00000, 0x0000000100000000)
  eden space 2048K, 100% used [0x00000000eab00000,0x00000000ead00000,0x00000000ead00000)
  from space 1024K, 62% used [0x00000000eae00000,0x00000000eaea0000,0x00000000eaf00000)
  to   space 1024K, 0% used [0x00000000ead00000,0x00000000ead00000,0x00000000eae00000)
 ParOldGen       total 225792K, used 225344K [0x00000000c0000000, 0x00000000cdc80000, 0x00000000eab00000)
  object space 225792K, 99% used [0x00000000c0000000,0x00000000cdc10250,0x00000000cdc80000)
 Metaspace       used 59470K, committed 60800K, reserved 1114112K
  class space    used 6062K, committed 6656K, reserved 1048576K
}
Event: 16.816 GC heap after
{Heap after GC invocations=278 (full 3):
 PSYoungGen      total 3072K, used 448K [0x00000000eab00000, 0x00000000eaf00000, 0x0000000100000000)
  eden space 2048K, 0% used [0x00000000eab00000,0x00000000eab00000,0x00000000ead00000)
  from space 1024K, 43% used [0x00000000ead00000,0x00000000ead70000,0x00000000eae00000)
  to   space 1024K, 0% used [0x00000000eae00000,0x00000000eae00000,0x00000000eaf00000)
 ParOldGen       total 226304K, used 225835K [0x00000000c0000000, 0x00000000cdd00000, 0x00000000eab00000)
  object space 226304K, 99% used [0x00000000c0000000,0x00000000cdc8ade8,0x00000000cdd00000)
 Metaspace       used 59470K, committed 60800K, reserved 1114112K
  class space    used 6062K, committed 6656K, reserved 1048576K
}
Event: 16.824 GC heap before
{Heap before GC invocations=279 (full 3):
 PSYoungGen      total 3072K, used 2496K [0x00000000eab00000, 0x00000000eaf00000, 0x0000000100000000)
  eden space 2048K, 100% used [0x00000000eab00000,0x00000000ead00000,0x00000000ead00000)
  from space 1024K, 43% used [0x00000000ead00000,0x00000000ead70000,0x00000000eae00000)
  to   space 1024K, 0% used [0x00000000eae00000,0x00000000eae00000,0x00000000eaf00000)
 ParOldGen       total 226304K, used 225835K [0x00000000c0000000, 0x00000000cdd00000, 0x00000000eab00000)
  object space 226304K, 99% used [0x00000000c0000000,0x00000000cdc8ade8,0x00000000cdd00000)
 Metaspace       used 59470K, committed 60800K, reserved 1114112K
  class space    used 6062K, committed 6656K, reserved 1048576K
}
Event: 16.827 GC heap after
{Heap after GC invocations=279 (full 3):
 PSYoungGen      total 3072K, used 672K [0x00000000eab00000, 0x00000000eaf00000, 0x0000000100000000)
  eden space 2048K, 0% used [0x00000000eab00000,0x00000000eab00000,0x00000000ead00000)
  from space 1024K, 65% used [0x00000000eae00000,0x00000000eaea8000,0x00000000eaf00000)
  to   space 1024K, 0% used [0x00000000ead00000,0x00000000ead00000,0x00000000eae00000)
 ParOldGen       total 226304K, used 226262K [0x00000000c0000000, 0x00000000cdd00000, 0x00000000eab00000)
  object space 226304K, 99% used [0x00000000c0000000,0x00000000cdcf5998,0x00000000cdd00000)
 Metaspace       used 59470K, committed 60800K, reserved 1114112K
  class space    used 6062K, committed 6656K, reserved 1048576K
}
Event: 16.838 GC heap before
{Heap before GC invocations=280 (full 3):
 PSYoungGen      total 3072K, used 2720K [0x00000000eab00000, 0x00000000eaf00000, 0x0000000100000000)
  eden space 2048K, 100% used [0x00000000eab00000,0x00000000ead00000,0x00000000ead00000)
  from space 1024K, 65% used [0x00000000eae00000,0x00000000eaea8000,0x00000000eaf00000)
  to   space 1024K, 0% used [0x00000000ead00000,0x00000000ead00000,0x00000000eae00000)
 ParOldGen       total 226304K, used 226262K [0x00000000c0000000, 0x00000000cdd00000, 0x00000000eab00000)
  object space 226304K, 99% used [0x00000000c0000000,0x00000000cdcf5998,0x00000000cdd00000)
 Metaspace       used 59470K, committed 60800K, reserved 1114112K
  class space    used 6062K, committed 6656K, reserved 1048576K
}
Event: 24.886 GC heap after
{Heap after GC invocations=280 (full 3):
 PSYoungGen      total 3072K, used 2720K [0x00000000eab00000, 0x00000000eaf00000, 0x0000000100000000)
  eden space 2048K, 100% used [0x00000000eab00000,0x00000000ead00000,0x00000000ead00000)
  from space 1024K, 65% used [0x00000000eae00000,0x00000000eaea8000,0x00000000eaf00000)
  to   space 1024K, 59% used [0x00000000ead00000,0x00000000ead98000,0x00000000eae00000)
 ParOldGen       total 226816K, used 226461K [0x00000000c0000000, 0x00000000cdd80000, 0x00000000eab00000)
  object space 226816K, 99% used [0x00000000c0000000,0x00000000cdd27670,0x00000000cdd80000)
 Metaspace       used 59470K, committed 60800K, reserved 1114112K
  class space    used 6062K, committed 6656K, reserved 1048576K
}
Event: 24.886 GC heap before
{Heap before GC invocations=281 (full 4):
 PSYoungGen      total 3072K, used 2720K [0x00000000eab00000, 0x00000000eaf00000, 0x0000000100000000)
  eden space 2048K, 100% used [0x00000000eab00000,0x00000000ead00000,0x00000000ead00000)
  from space 1024K, 65% used [0x00000000eae00000,0x00000000eaea8000,0x00000000eaf00000)
  to   space 1024K, 59% used [0x00000000ead00000,0x00000000ead98000,0x00000000eae00000)
 ParOldGen       total 226816K, used 226461K [0x00000000c0000000, 0x00000000cdd80000, 0x00000000eab00000)
  object space 226816K, 99% used [0x00000000c0000000,0x00000000cdd27670,0x00000000cdd80000)
 Metaspace       used 59470K, committed 60800K, reserved 1114112K
  class space    used 6062K, committed 6656K, reserved 1048576K
}
Event: 32.523 GC heap after
{Heap after GC invocations=281 (full 4):
 PSYoungGen      total 3072K, used 0K [0x00000000eab00000, 0x00000000eaf80000, 0x0000000100000000)
  eden space 2048K, 0% used [0x00000000eab00000,0x00000000eab00000,0x00000000ead00000)
  from space 1024K, 0% used [0x00000000ead00000,0x00000000ead00000,0x00000000eae00000)
  to   space 1024K, 0% used [0x00000000eae80000,0x00000000eae80000,0x00000000eaf80000)
 ParOldGen       total 226816K, used 214415K [0x00000000c0000000, 0x00000000cdd80000, 0x00000000eab00000)
  object space 226816K, 94% used [0x00000000c0000000,0x00000000cd163e80,0x00000000cdd80000)
 Metaspace       used 59470K, committed 60800K, reserved 1114112K
  class space    used 6062K, committed 6656K, reserved 1048576K
}
Event: 32.533 GC heap before
{Heap before GC invocations=282 (full 4):
 PSYoungGen      total 3072K, used 2048K [0x00000000eab00000, 0x00000000eaf80000, 0x0000000100000000)
  eden space 2048K, 100% used [0x00000000eab00000,0x00000000ead00000,0x00000000ead00000)
  from space 1024K, 0% used [0x00000000ead00000,0x00000000ead00000,0x00000000eae00000)
  to   space 1024K, 0% used [0x00000000eae80000,0x00000000eae80000,0x00000000eaf80000)
 ParOldGen       total 226816K, used 214415K [0x00000000c0000000, 0x00000000cdd80000, 0x00000000eab00000)
  object space 226816K, 94% used [0x00000000c0000000,0x00000000cd163e80,0x00000000cdd80000)
 Metaspace       used 59472K, committed 60800K, reserved 1114112K
  class space    used 6062K, committed 6656K, reserved 1048576K
}
Event: 32.535 GC heap after
{Heap after GC invocations=282 (full 4):
 PSYoungGen      total 3584K, used 576K [0x00000000eab00000, 0x00000000eaf80000, 0x0000000100000000)
  eden space 2560K, 0% used [0x00000000eab00000,0x00000000eab00000,0x00000000ead80000)
  from space 1024K, 56% used [0x00000000eae80000,0x00000000eaf10000,0x00000000eaf80000)
  to   space 1024K, 0% used [0x00000000ead80000,0x00000000ead80000,0x00000000eae80000)
 ParOldGen       total 226816K, used 214415K [0x00000000c0000000, 0x00000000cdd80000, 0x00000000eab00000)
  object space 226816K, 94% used [0x00000000c0000000,0x00000000cd163e80,0x00000000cdd80000)
 Metaspace       used 59472K, committed 60800K, reserved 1114112K
  class space    used 6062K, committed 6656K, reserved 1048576K
}
Event: 32.541 GC heap before
{Heap before GC invocations=283 (full 4):
 PSYoungGen      total 3584K, used 3136K [0x00000000eab00000, 0x00000000eaf80000, 0x0000000100000000)
  eden space 2560K, 100% used [0x00000000eab00000,0x00000000ead80000,0x00000000ead80000)
  from space 1024K, 56% used [0x00000000eae80000,0x00000000eaf10000,0x00000000eaf80000)
  to   space 1024K, 0% used [0x00000000ead80000,0x00000000ead80000,0x00000000eae80000)
 ParOldGen       total 226816K, used 214415K [0x00000000c0000000, 0x00000000cdd80000, 0x00000000eab00000)
  object space 226816K, 94% used [0x00000000c0000000,0x00000000cd163e80,0x00000000cdd80000)
 Metaspace       used 59477K, committed 60800K, reserved 1114112K
  class space    used 6062K, committed 6656K, reserved 1048576K
}
Event: 33.542 GC heap after
{Heap after GC invocations=283 (full 4):
 PSYoungGen      total 3584K, used 689K [0x00000000eab00000, 0x00000000eb000000, 0x0000000100000000)
  eden space 2560K, 0% used [0x00000000eab00000,0x00000000eab00000,0x00000000ead80000)
  from space 1024K, 67% used [0x00000000ead80000,0x00000000eae2c4e8,0x00000000eae80000)
  to   space 1024K, 0% used [0x00000000eaf00000,0x00000000eaf00000,0x00000000eb000000)
 ParOldGen       total 226816K, used 214858K [0x00000000c0000000, 0x00000000cdd80000, 0x00000000eab00000)
  object space 226816K, 94% used [0x00000000c0000000,0x00000000cd1d2868,0x00000000cdd80000)
 Metaspace       used 59477K, committed 60800K, reserved 1114112K
  class space    used 6062K, committed 6656K, reserved 1048576K
}
Event: 33.553 GC heap before
{Heap before GC invocations=284 (full 4):
 PSYoungGen      total 3584K, used 3249K [0x00000000eab00000, 0x00000000eb000000, 0x0000000100000000)
  eden space 2560K, 100% used [0x00000000eab00000,0x00000000ead80000,0x00000000ead80000)
  from space 1024K, 67% used [0x00000000ead80000,0x00000000eae2c4e8,0x00000000eae80000)
  to   space 1024K, 0% used [0x00000000eaf00000,0x00000000eaf00000,0x00000000eb000000)
 ParOldGen       total 226816K, used 214858K [0x00000000c0000000, 0x00000000cdd80000, 0x00000000eab00000)
  object space 226816K, 94% used [0x00000000c0000000,0x00000000cd1d2868,0x00000000cdd80000)
 Metaspace       used 59487K, committed 60800K, reserved 1114112K
  class space    used 6062K, committed 6656K, reserved 1048576K
}
Event: 35.567 GC heap after
{Heap after GC invocations=284 (full 4):
 PSYoungGen      total 4096K, used 784K [0x00000000eab00000, 0x00000000eb000000, 0x0000000100000000)
  eden space 3072K, 0% used [0x00000000eab00000,0x00000000eab00000,0x00000000eae00000)
  from space 1024K, 76% used [0x00000000eaf00000,0x00000000eafc4010,0x00000000eb000000)
  to   space 1024K, 0% used [0x00000000eae00000,0x00000000eae00000,0x00000000eaf00000)
 ParOldGen       total 226816K, used 215395K [0x00000000c0000000, 0x00000000cdd80000, 0x00000000eab00000)
  object space 226816K, 94% used [0x00000000c0000000,0x00000000cd258ec0,0x00000000cdd80000)
 Metaspace       used 59487K, committed 60800K, reserved 1114112K
  class space    used 6062K, committed 6656K, reserved 1048576K
}
Event: 35.581 GC heap before
{Heap before GC invocations=285 (full 4):
 PSYoungGen      total 4096K, used 3856K [0x00000000eab00000, 0x00000000eb000000, 0x0000000100000000)
  eden space 3072K, 100% used [0x00000000eab00000,0x00000000eae00000,0x00000000eae00000)
  from space 1024K, 76% used [0x00000000eaf00000,0x00000000eafc4010,0x00000000eb000000)
  to   space 1024K, 0% used [0x00000000eae00000,0x00000000eae00000,0x00000000eaf00000)
 ParOldGen       total 226816K, used 215395K [0x00000000c0000000, 0x00000000cdd80000, 0x00000000eab00000)
  object space 226816K, 94% used [0x00000000c0000000,0x00000000cd258ec0,0x00000000cdd80000)
 Metaspace       used 59492K, committed 60864K, reserved 1114112K
  class space    used 6062K, committed 6656K, reserved 1048576K
}
Event: 37.598 GC heap after
{Heap after GC invocations=285 (full 4):
 PSYoungGen      total 4096K, used 928K [0x00000000eab00000, 0x00000000eb000000, 0x0000000100000000)
  eden space 3072K, 0% used [0x00000000eab00000,0x00000000eab00000,0x00000000eae00000)
  from space 1024K, 90% used [0x00000000eae00000,0x00000000eaee83d8,0x00000000eaf00000)
  to   space 1024K, 0% used [0x00000000eaf00000,0x00000000eaf00000,0x00000000eb000000)
 ParOldGen       total 226816K, used 216036K [0x00000000c0000000, 0x00000000cdd80000, 0x00000000eab00000)
  object space 226816K, 95% used [0x00000000c0000000,0x00000000cd2f93b0,0x00000000cdd80000)
 Metaspace       used 59492K, committed 60864K, reserved 1114112K
  class space    used 6062K, committed 6656K, reserved 1048576K
}
Event: 40.084 GC heap before
{Heap before GC invocations=286 (full 4):
 PSYoungGen      total 4096K, used 4000K [0x00000000eab00000, 0x00000000eb000000, 0x0000000100000000)
  eden space 3072K, 100% used [0x00000000eab00000,0x00000000eae00000,0x00000000eae00000)
  from space 1024K, 90% used [0x00000000eae00000,0x00000000eaee83d8,0x00000000eaf00000)
  to   space 1024K, 0% used [0x00000000eaf00000,0x00000000eaf00000,0x00000000eb000000)
 ParOldGen       total 226816K, used 216036K [0x00000000c0000000, 0x00000000cdd80000, 0x00000000eab00000)
  object space 226816K, 95% used [0x00000000c0000000,0x00000000cd2f93b0,0x00000000cdd80000)
 Metaspace       used 59493K, committed 60864K, reserved 1114112K
  class space    used 6062K, committed 6656K, reserved 1048576K
}
Event: 42.090 GC heap after
{Heap after GC invocations=286 (full 4):
 PSYoungGen      total 4096K, used 878K [0x00000000eab00000, 0x00000000eb000000, 0x0000000100000000)
  eden space 3072K, 0% used [0x00000000eab00000,0x00000000eab00000,0x00000000eae00000)
  from space 1024K, 85% used [0x00000000eaf00000,0x00000000eafdb970,0x00000000eb000000)
  to   space 1024K, 0% used [0x00000000eae00000,0x00000000eae00000,0x00000000eaf00000)
 ParOldGen       total 226816K, used 216836K [0x00000000c0000000, 0x00000000cdd80000, 0x00000000eab00000)
  object space 226816K, 95% used [0x00000000c0000000,0x00000000cd3c1390,0x00000000cdd80000)
 Metaspace       used 59493K, committed 60864K, reserved 1114112K
  class space    used 6062K, committed 6656K, reserved 1048576K
}

