# JRE version: OpenJDK Runtime Environment Temurin-21.0.7+6 (21.0.7+6) (build 21.0.7+6-LTS)
# Java VM: OpenJDK 64-Bit Server VM Temurin-21.0.7+6 (21.0.7+6-LTS, mixed mode, sharing, tiered, compressed oops, compressed class ptrs, parallel gc, windows-amd64)
GC Precious Log:
 CardTable entry size: 512
 CPUs: 12 total, 12 available
 Memory: 7498M
 Large Page Support: Disabled
 NUMA Support: Disabled
 Compressed Oops: Enabled (32-bit)
 Alignments: Space 512K, Generation 512K, Heap 2M
 Heap Min Capacity: 100M
 Heap Initial Capacity: 100M
 Heap Max Capacity: 1G
 Pre-touch: Disabled
 Parallel Workers: 10
Heap:
 PSYoungGen      total 11776K, used 11756K [0x00000000eab00000, 0x00000000ec100000, 0x0000000100000000)
  eden space 9216K, 100% used [0x00000000eab00000,0x00000000eb400000,0x00000000eb400000)
  from space 2560K, 99% used [0x00000000eb980000,0x00000000ebbfb020,0x00000000ebc00000)
  to   space 5632K, 25% used [0x00000000eb400000,0x00000000eb5640a8,0x00000000eb980000)
 ParOldGen       total 200192K, used 200191K [0x00000000c0000000, 0x00000000cc380000, 0x00000000eab00000)
  object space 200192K, 99% used [0x00000000c0000000,0x00000000cc37fd88,0x00000000cc380000)
 Metaspace       used 57915K, committed 59264K, reserved 1114112K
  class space    used 5952K, committed 6592K, reserved 1048576K
GC Heap History (20 events):
Event: 18.477 GC heap before
{Heap before GC invocations=114 (full 3):
 PSYoungGen      total 18944K, used 18847K [0x00000000eab00000, 0x00000000ec800000, 0x0000000100000000)
  eden space 14848K, 100% used [0x00000000eab00000,0x00000000eb980000,0x00000000eb980000)
  from space 4096K, 97% used [0x00000000ec400000,0x00000000ec7e7f20,0x00000000ec800000)
  to   space 5120K, 0% used [0x00000000ebe00000,0x00000000ebe00000,0x00000000ec300000)
 ParOldGen       total 187392K, used 167398K [0x00000000c0000000, 0x00000000cb700000, 0x00000000eab00000)
  object space 187392K, 89% used [0x00000000c0000000,0x00000000ca379838,0x00000000cb700000)
 Metaspace       used 57429K, committed 58752K, reserved 1114112K
  class space    used 5933K, committed 6528K, reserved 1048576K
}
Event: 18.483 GC heap after
{Heap after GC invocations=114 (full 3):
 PSYoungGen      total 18944K, used 3851K [0x00000000eab00000, 0x00000000ec480000, 0x0000000100000000)
  eden space 14848K, 0% used [0x00000000eab00000,0x00000000eab00000,0x00000000eb980000)
  from space 4096K, 94% used [0x00000000ebe00000,0x00000000ec1c2c68,0x00000000ec200000)
  to   space 2560K, 0% used [0x00000000ec200000,0x00000000ec200000,0x00000000ec480000)
 ParOldGen       total 187392K, used 171104K [0x00000000c0000000, 0x00000000cb700000, 0x00000000eab00000)
  object space 187392K, 91% used [0x00000000c0000000,0x00000000ca7181e8,0x00000000cb700000)
 Metaspace       used 57429K, committed 58752K, reserved 1114112K
  class space    used 5933K, committed 6528K, reserved 1048576K
}
Event: 18.568 GC heap before
{Heap before GC invocations=115 (full 3):
 PSYoungGen      total 18944K, used 18699K [0x00000000eab00000, 0x00000000ec480000, 0x0000000100000000)
  eden space 14848K, 100% used [0x00000000eab00000,0x00000000eb980000,0x00000000eb980000)
  from space 4096K, 94% used [0x00000000ebe00000,0x00000000ec1c2c68,0x00000000ec200000)
  to   space 2560K, 0% used [0x00000000ec200000,0x00000000ec200000,0x00000000ec480000)
 ParOldGen       total 187392K, used 171104K [0x00000000c0000000, 0x00000000cb700000, 0x00000000eab00000)
  object space 187392K, 91% used [0x00000000c0000000,0x00000000ca7181e8,0x00000000cb700000)
 Metaspace       used 57476K, committed 58816K, reserved 1114112K
  class space    used 5934K, committed 6528K, reserved 1048576K
}
Event: 18.575 GC heap after
{Heap after GC invocations=115 (full 3):
 PSYoungGen      total 14848K, used 2529K [0x00000000eab00000, 0x00000000ecf80000, 0x0000000100000000)
  eden space 12288K, 0% used [0x00000000eab00000,0x00000000eab00000,0x00000000eb700000)
  from space 2560K, 98% used [0x00000000ec200000,0x00000000ec478750,0x00000000ec480000)
  to   space 11264K, 0% used [0x00000000eb700000,0x00000000eb700000,0x00000000ec200000)
 ParOldGen       total 187392K, used 178485K [0x00000000c0000000, 0x00000000cb700000, 0x00000000eab00000)
  object space 187392K, 95% used [0x00000000c0000000,0x00000000cae4d760,0x00000000cb700000)
 Metaspace       used 57476K, committed 58816K, reserved 1114112K
  class space    used 5934K, committed 6528K, reserved 1048576K
}
Event: 18.634 GC heap before
{Heap before GC invocations=116 (full 3):
 PSYoungGen      total 14848K, used 14804K [0x00000000eab00000, 0x00000000ecf80000, 0x0000000100000000)
  eden space 12288K, 99% used [0x00000000eab00000,0x00000000eb6fcc00,0x00000000eb700000)
  from space 2560K, 98% used [0x00000000ec200000,0x00000000ec478750,0x00000000ec480000)
  to   space 11264K, 0% used [0x00000000eb700000,0x00000000eb700000,0x00000000ec200000)
 ParOldGen       total 187392K, used 178485K [0x00000000c0000000, 0x00000000cb700000, 0x00000000eab00000)
  object space 187392K, 95% used [0x00000000c0000000,0x00000000cae4d760,0x00000000cb700000)
 Metaspace       used 57522K, committed 58880K, reserved 1114112K
  class space    used 5938K, committed 6528K, reserved 1048576K
}
Event: 18.641 GC heap after
{Heap after GC invocations=116 (full 3):
 PSYoungGen      total 15360K, used 2812K [0x00000000eab00000, 0x00000000ec280000, 0x0000000100000000)
  eden space 12288K, 0% used [0x00000000eab00000,0x00000000eab00000,0x00000000eb700000)
  from space 3072K, 91% used [0x00000000eb700000,0x00000000eb9bf2e8,0x00000000eba00000)
  to   space 5632K, 0% used [0x00000000ebd00000,0x00000000ebd00000,0x00000000ec280000)
 ParOldGen       total 187392K, used 180991K [0x00000000c0000000, 0x00000000cb700000, 0x00000000eab00000)
  object space 187392K, 96% used [0x00000000c0000000,0x00000000cb0bfc58,0x00000000cb700000)
 Metaspace       used 57522K, committed 58880K, reserved 1114112K
  class space    used 5938K, committed 6528K, reserved 1048576K
}
Event: 18.733 GC heap before
{Heap before GC invocations=117 (full 3):
 PSYoungGen      total 15360K, used 15100K [0x00000000eab00000, 0x00000000ec280000, 0x0000000100000000)
  eden space 12288K, 100% used [0x00000000eab00000,0x00000000eb700000,0x00000000eb700000)
  from space 3072K, 91% used [0x00000000eb700000,0x00000000eb9bf2e8,0x00000000eba00000)
  to   space 5632K, 0% used [0x00000000ebd00000,0x00000000ebd00000,0x00000000ec280000)
 ParOldGen       total 187392K, used 180991K [0x00000000c0000000, 0x00000000cb700000, 0x00000000eab00000)
  object space 187392K, 96% used [0x00000000c0000000,0x00000000cb0bfc58,0x00000000cb700000)
 Metaspace       used 57578K, committed 59008K, reserved 1114112K
  class space    used 5944K, committed 6592K, reserved 1048576K
}
Event: 18.737 GC heap after
{Heap after GC invocations=117 (full 3):
 PSYoungGen      total 15360K, used 2852K [0x00000000eab00000, 0x00000000ec000000, 0x0000000100000000)
  eden space 12288K, 0% used [0x00000000eab00000,0x00000000eab00000,0x00000000eb700000)
  from space 3072K, 92% used [0x00000000ebd00000,0x00000000ebfc9008,0x00000000ec000000)
  to   space 3584K, 0% used [0x00000000eb900000,0x00000000eb900000,0x00000000ebc80000)
 ParOldGen       total 187392K, used 183675K [0x00000000c0000000, 0x00000000cb700000, 0x00000000eab00000)
  object space 187392K, 98% used [0x00000000c0000000,0x00000000cb35ec50,0x00000000cb700000)
 Metaspace       used 57578K, committed 59008K, reserved 1114112K
  class space    used 5944K, committed 6592K, reserved 1048576K
}
Event: 18.806 GC heap before
{Heap before GC invocations=118 (full 3):
 PSYoungGen      total 15360K, used 15140K [0x00000000eab00000, 0x00000000ec000000, 0x0000000100000000)
  eden space 12288K, 100% used [0x00000000eab00000,0x00000000eb700000,0x00000000eb700000)
  from space 3072K, 92% used [0x00000000ebd00000,0x00000000ebfc9008,0x00000000ec000000)
  to   space 3584K, 0% used [0x00000000eb900000,0x00000000eb900000,0x00000000ebc80000)
 ParOldGen       total 187392K, used 183675K [0x00000000c0000000, 0x00000000cb700000, 0x00000000eab00000)
  object space 187392K, 98% used [0x00000000c0000000,0x00000000cb35ec50,0x00000000cb700000)
 Metaspace       used 57679K, committed 59072K, reserved 1114112K
  class space    used 5944K, committed 6592K, reserved 1048576K
}
Event: 18.810 GC heap after
{Heap after GC invocations=118 (full 3):
 PSYoungGen      total 15360K, used 2928K [0x00000000eab00000, 0x00000000ebd80000, 0x0000000100000000)
  eden space 12288K, 0% used [0x00000000eab00000,0x00000000eab00000,0x00000000eb700000)
  from space 3072K, 95% used [0x00000000eb900000,0x00000000ebbdc2e0,0x00000000ebc00000)
  to   space 1536K, 0% used [0x00000000ebc00000,0x00000000ebc00000,0x00000000ebd80000)
 ParOldGen       total 187392K, used 186350K [0x00000000c0000000, 0x00000000cb700000, 0x00000000eab00000)
  object space 187392K, 99% used [0x00000000c0000000,0x00000000cb5fb908,0x00000000cb700000)
 Metaspace       used 57679K, committed 59072K, reserved 1114112K
  class space    used 5944K, committed 6592K, reserved 1048576K
}
Event: 18.862 GC heap before
{Heap before GC invocations=119 (full 3):
 PSYoungGen      total 15360K, used 15216K [0x00000000eab00000, 0x00000000ebd80000, 0x0000000100000000)
  eden space 12288K, 100% used [0x00000000eab00000,0x00000000eb700000,0x00000000eb700000)
  from space 3072K, 95% used [0x00000000eb900000,0x00000000ebbdc2e0,0x00000000ebc00000)
  to   space 1536K, 0% used [0x00000000ebc00000,0x00000000ebc00000,0x00000000ebd80000)
 ParOldGen       total 187392K, used 186350K [0x00000000c0000000, 0x00000000cb700000, 0x00000000eab00000)
  object space 187392K, 99% used [0x00000000c0000000,0x00000000cb5fb908,0x00000000cb700000)
 Metaspace       used 57723K, committed 59072K, reserved 1114112K
  class space    used 5944K, committed 6592K, reserved 1048576K
}
Event: 18.867 GC heap after
{Heap after GC invocations=119 (full 3):
 PSYoungGen      total 12800K, used 1521K [0x00000000eab00000, 0x00000000ec300000, 0x0000000100000000)
  eden space 11264K, 0% used [0x00000000eab00000,0x00000000eab00000,0x00000000eb600000)
  from space 1536K, 99% used [0x00000000ebc00000,0x00000000ebd7c4f8,0x00000000ebd80000)
  to   space 6144K, 0% used [0x00000000eb600000,0x00000000eb600000,0x00000000ebc00000)
 ParOldGen       total 190464K, used 190244K [0x00000000c0000000, 0x00000000cba00000, 0x00000000eab00000)
  object space 190464K, 99% used [0x00000000c0000000,0x00000000cb9c9068,0x00000000cba00000)
 Metaspace       used 57723K, committed 59072K, reserved 1114112K
  class space    used 5944K, committed 6592K, reserved 1048576K
}
Event: 18.915 GC heap before
{Heap before GC invocations=120 (full 3):
 PSYoungGen      total 12800K, used 12785K [0x00000000eab00000, 0x00000000ec300000, 0x0000000100000000)
  eden space 11264K, 100% used [0x00000000eab00000,0x00000000eb600000,0x00000000eb600000)
  from space 1536K, 99% used [0x00000000ebc00000,0x00000000ebd7c4f8,0x00000000ebd80000)
  to   space 6144K, 0% used [0x00000000eb600000,0x00000000eb600000,0x00000000ebc00000)
 ParOldGen       total 190464K, used 190244K [0x00000000c0000000, 0x00000000cba00000, 0x00000000eab00000)
  object space 190464K, 99% used [0x00000000c0000000,0x00000000cb9c9068,0x00000000cba00000)
 Metaspace       used 57766K, committed 59136K, reserved 1114112K
  class space    used 5945K, committed 6592K, reserved 1048576K
}
Event: 18.921 GC heap after
{Heap after GC invocations=120 (full 3):
 PSYoungGen      total 14336K, used 2718K [0x00000000eab00000, 0x00000000ebe00000, 0x0000000100000000)
  eden space 11264K, 0% used [0x00000000eab00000,0x00000000eab00000,0x00000000eb600000)
  from space 3072K, 88% used [0x00000000eb600000,0x00000000eb8a7af8,0x00000000eb900000)
  to   space 4096K, 0% used [0x00000000eba00000,0x00000000eba00000,0x00000000ebe00000)
 ParOldGen       total 192000K, used 191753K [0x00000000c0000000, 0x00000000cbb80000, 0x00000000eab00000)
  object space 192000K, 99% used [0x00000000c0000000,0x00000000cbb42760,0x00000000cbb80000)
 Metaspace       used 57766K, committed 59136K, reserved 1114112K
  class space    used 5945K, committed 6592K, reserved 1048576K
}
Event: 18.960 GC heap before
{Heap before GC invocations=121 (full 3):
 PSYoungGen      total 14336K, used 13982K [0x00000000eab00000, 0x00000000ebe00000, 0x0000000100000000)
  eden space 11264K, 100% used [0x00000000eab00000,0x00000000eb600000,0x00000000eb600000)
  from space 3072K, 88% used [0x00000000eb600000,0x00000000eb8a7af8,0x00000000eb900000)
  to   space 4096K, 0% used [0x00000000eba00000,0x00000000eba00000,0x00000000ebe00000)
 ParOldGen       total 192000K, used 191753K [0x00000000c0000000, 0x00000000cbb80000, 0x00000000eab00000)
  object space 192000K, 99% used [0x00000000c0000000,0x00000000cbb42760,0x00000000cbb80000)
 Metaspace       used 57820K, committed 59200K, reserved 1114112K
  class space    used 5947K, committed 6592K, reserved 1048576K
}
Event: 18.964 GC heap after
{Heap after GC invocations=121 (full 3):
 PSYoungGen      total 13824K, used 2462K [0x00000000eab00000, 0x00000000ebc80000, 0x0000000100000000)
  eden space 11264K, 0% used [0x00000000eab00000,0x00000000eab00000,0x00000000eb600000)
  from space 2560K, 96% used [0x00000000eba00000,0x00000000ebc67b40,0x00000000ebc80000)
  to   space 3072K, 0% used [0x00000000eb680000,0x00000000eb680000,0x00000000eb980000)
 ParOldGen       total 194560K, used 194275K [0x00000000c0000000, 0x00000000cbe00000, 0x00000000eab00000)
  object space 194560K, 99% used [0x00000000c0000000,0x00000000cbdb8c10,0x00000000cbe00000)
 Metaspace       used 57820K, committed 59200K, reserved 1114112K
  class space    used 5947K, committed 6592K, reserved 1048576K
}
Event: 19.003 GC heap before
{Heap before GC invocations=122 (full 3):
 PSYoungGen      total 13824K, used 13726K [0x00000000eab00000, 0x00000000ebc80000, 0x0000000100000000)
  eden space 11264K, 100% used [0x00000000eab00000,0x00000000eb600000,0x00000000eb600000)
  from space 2560K, 96% used [0x00000000eba00000,0x00000000ebc67b40,0x00000000ebc80000)
  to   space 3072K, 0% used [0x00000000eb680000,0x00000000eb680000,0x00000000eb980000)
 ParOldGen       total 194560K, used 194275K [0x00000000c0000000, 0x00000000cbe00000, 0x00000000eab00000)
  object space 194560K, 99% used [0x00000000c0000000,0x00000000cbdb8c10,0x00000000cbe00000)
 Metaspace       used 57834K, committed 59200K, reserved 1114112K
  class space    used 5947K, committed 6592K, reserved 1048576K
}
Event: 19.008 GC heap after
{Heap after GC invocations=122 (full 3):
 PSYoungGen      total 14336K, used 2685K [0x00000000eab00000, 0x00000000ebc00000, 0x0000000100000000)
  eden space 11264K, 0% used [0x00000000eab00000,0x00000000eab00000,0x00000000eb600000)
  from space 3072K, 87% used [0x00000000eb680000,0x00000000eb91f668,0x00000000eb980000)
  to   space 2560K, 0% used [0x00000000eb980000,0x00000000eb980000,0x00000000ebc00000)
 ParOldGen       total 196608K, used 196498K [0x00000000c0000000, 0x00000000cc000000, 0x00000000eab00000)
  object space 196608K, 99% used [0x00000000c0000000,0x00000000cbfe4a30,0x00000000cc000000)
 Metaspace       used 57834K, committed 59200K, reserved 1114112K
  class space    used 5947K, committed 6592K, reserved 1048576K
}
Event: 19.072 GC heap before
{Heap before GC invocations=123 (full 3):
 PSYoungGen      total 14336K, used 13949K [0x00000000eab00000, 0x00000000ebc00000, 0x0000000100000000)
  eden space 11264K, 100% used [0x00000000eab00000,0x00000000eb600000,0x00000000eb600000)
  from space 3072K, 87% used [0x00000000eb680000,0x00000000eb91f668,0x00000000eb980000)
  to   space 2560K, 0% used [0x00000000eb980000,0x00000000eb980000,0x00000000ebc00000)
 ParOldGen       total 196608K, used 196498K [0x00000000c0000000, 0x00000000cc000000, 0x00000000eab00000)
  object space 196608K, 99% used [0x00000000c0000000,0x00000000cbfe4a30,0x00000000cc000000)
 Metaspace       used 57888K, committed 59264K, reserved 1114112K
  class space    used 5952K, committed 6592K, reserved 1048576K
}
Event: 19.078 GC heap after
{Heap after GC invocations=123 (full 3):
 PSYoungGen      total 11776K, used 2540K [0x00000000eab00000, 0x00000000ec100000, 0x0000000100000000)
  eden space 9216K, 0% used [0x00000000eab00000,0x00000000eab00000,0x00000000eb400000)
  from space 2560K, 99% used [0x00000000eb980000,0x00000000ebbfb020,0x00000000ebc00000)
  to   space 5632K, 0% used [0x00000000eb400000,0x00000000eb400000,0x00000000eb980000)
 ParOldGen       total 199168K, used 199033K [0x00000000c0000000, 0x00000000cc280000, 0x00000000eab00000)
  object space 199168K, 99% used [0x00000000c0000000,0x00000000cc25e4f8,0x00000000cc280000)
 Metaspace       used 57888K, committed 59264K, reserved 1114112K
  class space    used 5952K, committed 6592K, reserved 1048576K
}

