# JRE version: OpenJDK Runtime Environment Temurin-21.0.7+6 (21.0.7+6) (build 21.0.7+6-LTS)
# Java VM: OpenJDK 64-Bit Server VM Temurin-21.0.7+6 (21.0.7+6-LTS, mixed mode, sharing, tiered, compressed oops, compressed class ptrs, parallel gc, windows-amd64)
GC Precious Log:
 CardTable entry size: 512
 CPUs: 12 total, 12 available
 Memory: 7498M
 Large Page Support: Disabled
 NUMA Support: Disabled
 Compressed Oops: Enabled (32-bit)
 Alignments: Space 512K, Generation 512K, Heap 2M
 Heap Min Capacity: 100M
 Heap Initial Capacity: 100M
 Heap Max Capacity: 1G
 Pre-touch: Disabled
 Parallel Workers: 10
Heap:
 PSYoungGen      total 10240K, used 1513K [0x00000000eab00000, 0x00000000eb780000, 0x0000000100000000)
  eden space 8704K, 0% used [0x00000000eab00000,0x00000000eab00000,0x00000000eb380000)
  from space 1536K, 98% used [0x00000000eb480000,0x00000000eb5fa658,0x00000000eb600000)
  to   space 1536K, 0% used [0x00000000eb600000,0x00000000eb600000,0x00000000eb780000)
 ParOldGen       total 222720K, used 222408K [0x00000000c0000000, 0x00000000cd980000, 0x00000000eab00000)
  object space 222720K, 99% used [0x00000000c0000000,0x00000000cd932388,0x00000000cd980000)
 Metaspace       used 47214K, committed 48512K, reserved 1114112K
  class space    used 5009K, committed 5568K, reserved 1048576K
GC Heap History (20 events):
Event: 11.836 GC heap before
{Heap before GC invocations=143 (full 2):
 PSYoungGen      total 5120K, used 4800K [0x00000000eab00000, 0x00000000eb100000, 0x0000000100000000)
  eden space 4096K, 100% used [0x00000000eab00000,0x00000000eaf00000,0x00000000eaf00000)
  from space 1024K, 68% used [0x00000000eb000000,0x00000000eb0b0000,0x00000000eb100000)
  to   space 1024K, 0% used [0x00000000eaf00000,0x00000000eaf00000,0x00000000eb000000)
 ParOldGen       total 214016K, used 213526K [0x00000000c0000000, 0x00000000cd100000, 0x00000000eab00000)
  object space 214016K, 99% used [0x00000000c0000000,0x00000000cd0858b0,0x00000000cd100000)
 Metaspace       used 47184K, committed 48512K, reserved 1114112K
  class space    used 5009K, committed 5568K, reserved 1048576K
}
Event: 11.838 GC heap after
{Heap after GC invocations=143 (full 2):
 PSYoungGen      total 5120K, used 658K [0x00000000eab00000, 0x00000000eb200000, 0x0000000100000000)
  eden space 4096K, 0% used [0x00000000eab00000,0x00000000eab00000,0x00000000eaf00000)
  from space 1024K, 64% used [0x00000000eaf00000,0x00000000eafa49c8,0x00000000eb000000)
  to   space 1024K, 0% used [0x00000000eb100000,0x00000000eb100000,0x00000000eb200000)
 ParOldGen       total 214528K, used 214101K [0x00000000c0000000, 0x00000000cd180000, 0x00000000eab00000)
  object space 214528K, 99% used [0x00000000c0000000,0x00000000cd115788,0x00000000cd180000)
 Metaspace       used 47184K, committed 48512K, reserved 1114112K
  class space    used 5009K, committed 5568K, reserved 1048576K
}
Event: 11.844 GC heap before
{Heap before GC invocations=144 (full 2):
 PSYoungGen      total 5120K, used 4754K [0x00000000eab00000, 0x00000000eb200000, 0x0000000100000000)
  eden space 4096K, 100% used [0x00000000eab00000,0x00000000eaf00000,0x00000000eaf00000)
  from space 1024K, 64% used [0x00000000eaf00000,0x00000000eafa49c8,0x00000000eb000000)
  to   space 1024K, 0% used [0x00000000eb100000,0x00000000eb100000,0x00000000eb200000)
 ParOldGen       total 214528K, used 214101K [0x00000000c0000000, 0x00000000cd180000, 0x00000000eab00000)
  object space 214528K, 99% used [0x00000000c0000000,0x00000000cd115788,0x00000000cd180000)
 Metaspace       used 47184K, committed 48512K, reserved 1114112K
  class space    used 5009K, committed 5568K, reserved 1048576K
}
Event: 11.846 GC heap after
{Heap after GC invocations=144 (full 2):
 PSYoungGen      total 6144K, used 763K [0x00000000eab00000, 0x00000000eb200000, 0x0000000100000000)
  eden space 5120K, 0% used [0x00000000eab00000,0x00000000eab00000,0x00000000eb000000)
  from space 1024K, 74% used [0x00000000eb100000,0x00000000eb1bef40,0x00000000eb200000)
  to   space 1024K, 0% used [0x00000000eb000000,0x00000000eb000000,0x00000000eb100000)
 ParOldGen       total 215040K, used 214622K [0x00000000c0000000, 0x00000000cd200000, 0x00000000eab00000)
  object space 215040K, 99% used [0x00000000c0000000,0x00000000cd197be8,0x00000000cd200000)
 Metaspace       used 47184K, committed 48512K, reserved 1114112K
  class space    used 5009K, committed 5568K, reserved 1048576K
}
Event: 11.857 GC heap before
{Heap before GC invocations=145 (full 2):
 PSYoungGen      total 6144K, used 5880K [0x00000000eab00000, 0x00000000eb200000, 0x0000000100000000)
  eden space 5120K, 99% used [0x00000000eab00000,0x00000000eafff338,0x00000000eb000000)
  from space 1024K, 74% used [0x00000000eb100000,0x00000000eb1bef40,0x00000000eb200000)
  to   space 1024K, 0% used [0x00000000eb000000,0x00000000eb000000,0x00000000eb100000)
 ParOldGen       total 215040K, used 214622K [0x00000000c0000000, 0x00000000cd200000, 0x00000000eab00000)
  object space 215040K, 99% used [0x00000000c0000000,0x00000000cd197be8,0x00000000cd200000)
 Metaspace       used 47184K, committed 48512K, reserved 1114112K
  class space    used 5009K, committed 5568K, reserved 1048576K
}
Event: 11.858 GC heap after
{Heap after GC invocations=145 (full 2):
 PSYoungGen      total 6144K, used 951K [0x00000000eab00000, 0x00000000eb200000, 0x0000000100000000)
  eden space 5120K, 0% used [0x00000000eab00000,0x00000000eab00000,0x00000000eb000000)
  from space 1024K, 92% used [0x00000000eb000000,0x00000000eb0edc58,0x00000000eb100000)
  to   space 1024K, 0% used [0x00000000eb100000,0x00000000eb100000,0x00000000eb200000)
 ParOldGen       total 215552K, used 215231K [0x00000000c0000000, 0x00000000cd280000, 0x00000000eab00000)
  object space 215552K, 99% used [0x00000000c0000000,0x00000000cd22fe28,0x00000000cd280000)
 Metaspace       used 47184K, committed 48512K, reserved 1114112K
  class space    used 5009K, committed 5568K, reserved 1048576K
}
Event: 11.872 GC heap before
{Heap before GC invocations=146 (full 2):
 PSYoungGen      total 6144K, used 6071K [0x00000000eab00000, 0x00000000eb200000, 0x0000000100000000)
  eden space 5120K, 100% used [0x00000000eab00000,0x00000000eb000000,0x00000000eb000000)
  from space 1024K, 92% used [0x00000000eb000000,0x00000000eb0edc58,0x00000000eb100000)
  to   space 1024K, 0% used [0x00000000eb100000,0x00000000eb100000,0x00000000eb200000)
 ParOldGen       total 215552K, used 215231K [0x00000000c0000000, 0x00000000cd280000, 0x00000000eab00000)
  object space 215552K, 99% used [0x00000000c0000000,0x00000000cd22fe28,0x00000000cd280000)
 Metaspace       used 47188K, committed 48512K, reserved 1114112K
  class space    used 5009K, committed 5568K, reserved 1048576K
}
Event: 11.875 GC heap after
{Heap after GC invocations=146 (full 2):
 PSYoungGen      total 6144K, used 864K [0x00000000eab00000, 0x00000000eb200000, 0x0000000100000000)
  eden space 5120K, 0% used [0x00000000eab00000,0x00000000eab00000,0x00000000eb000000)
  from space 1024K, 84% used [0x00000000eb100000,0x00000000eb1d8000,0x00000000eb200000)
  to   space 1024K, 0% used [0x00000000eb000000,0x00000000eb000000,0x00000000eb100000)
 ParOldGen       total 216064K, used 216051K [0x00000000c0000000, 0x00000000cd300000, 0x00000000eab00000)
  object space 216064K, 99% used [0x00000000c0000000,0x00000000cd2fcd08,0x00000000cd300000)
 Metaspace       used 47188K, committed 48512K, reserved 1114112K
  class space    used 5009K, committed 5568K, reserved 1048576K
}
Event: 11.890 GC heap before
{Heap before GC invocations=147 (full 2):
 PSYoungGen      total 6144K, used 5984K [0x00000000eab00000, 0x00000000eb200000, 0x0000000100000000)
  eden space 5120K, 100% used [0x00000000eab00000,0x00000000eb000000,0x00000000eb000000)
  from space 1024K, 84% used [0x00000000eb100000,0x00000000eb1d8000,0x00000000eb200000)
  to   space 1024K, 0% used [0x00000000eb000000,0x00000000eb000000,0x00000000eb100000)
 ParOldGen       total 216064K, used 216051K [0x00000000c0000000, 0x00000000cd300000, 0x00000000eab00000)
  object space 216064K, 99% used [0x00000000c0000000,0x00000000cd2fcd08,0x00000000cd300000)
 Metaspace       used 47189K, committed 48512K, reserved 1114112K
  class space    used 5009K, committed 5568K, reserved 1048576K
}
Event: 11.893 GC heap after
{Heap after GC invocations=147 (full 2):
 PSYoungGen      total 6144K, used 1014K [0x00000000eab00000, 0x00000000eb400000, 0x0000000100000000)
  eden space 5120K, 0% used [0x00000000eab00000,0x00000000eab00000,0x00000000eb000000)
  from space 1024K, 99% used [0x00000000eb000000,0x00000000eb0fda40,0x00000000eb100000)
  to   space 2048K, 0% used [0x00000000eb200000,0x00000000eb200000,0x00000000eb400000)
 ParOldGen       total 217088K, used 216812K [0x00000000c0000000, 0x00000000cd400000, 0x00000000eab00000)
  object space 217088K, 99% used [0x00000000c0000000,0x00000000cd3bb3e0,0x00000000cd400000)
 Metaspace       used 47189K, committed 48512K, reserved 1114112K
  class space    used 5009K, committed 5568K, reserved 1048576K
}
Event: 11.904 GC heap before
{Heap before GC invocations=148 (full 2):
 PSYoungGen      total 6144K, used 6134K [0x00000000eab00000, 0x00000000eb400000, 0x0000000100000000)
  eden space 5120K, 100% used [0x00000000eab00000,0x00000000eb000000,0x00000000eb000000)
  from space 1024K, 99% used [0x00000000eb000000,0x00000000eb0fda40,0x00000000eb100000)
  to   space 2048K, 0% used [0x00000000eb200000,0x00000000eb200000,0x00000000eb400000)
 ParOldGen       total 217088K, used 216812K [0x00000000c0000000, 0x00000000cd400000, 0x00000000eab00000)
  object space 217088K, 99% used [0x00000000c0000000,0x00000000cd3bb3e0,0x00000000cd400000)
 Metaspace       used 47193K, committed 48512K, reserved 1114112K
  class space    used 5009K, committed 5568K, reserved 1048576K
}
Event: 12.907 GC heap after
{Heap after GC invocations=148 (full 2):
 PSYoungGen      total 7680K, used 852K [0x00000000eab00000, 0x00000000eb400000, 0x0000000100000000)
  eden space 5632K, 0% used [0x00000000eab00000,0x00000000eab00000,0x00000000eb080000)
  from space 2048K, 41% used [0x00000000eb200000,0x00000000eb2d5220,0x00000000eb400000)
  to   space 1536K, 0% used [0x00000000eb080000,0x00000000eb080000,0x00000000eb200000)
 ParOldGen       total 218112K, used 217746K [0x00000000c0000000, 0x00000000cd500000, 0x00000000eab00000)
  object space 218112K, 99% used [0x00000000c0000000,0x00000000cd4a4ad0,0x00000000cd500000)
 Metaspace       used 47193K, committed 48512K, reserved 1114112K
  class space    used 5009K, committed 5568K, reserved 1048576K
}
Event: 12.920 GC heap before
{Heap before GC invocations=149 (full 2):
 PSYoungGen      total 7680K, used 6484K [0x00000000eab00000, 0x00000000eb400000, 0x0000000100000000)
  eden space 5632K, 100% used [0x00000000eab00000,0x00000000eb080000,0x00000000eb080000)
  from space 2048K, 41% used [0x00000000eb200000,0x00000000eb2d5220,0x00000000eb400000)
  to   space 1536K, 0% used [0x00000000eb080000,0x00000000eb080000,0x00000000eb200000)
 ParOldGen       total 218112K, used 217746K [0x00000000c0000000, 0x00000000cd500000, 0x00000000eab00000)
  object space 218112K, 99% used [0x00000000c0000000,0x00000000cd4a4ad0,0x00000000cd500000)
 Metaspace       used 47195K, committed 48512K, reserved 1114112K
  class space    used 5009K, committed 5568K, reserved 1048576K
}
Event: 12.923 GC heap after
{Heap after GC invocations=149 (full 2):
 PSYoungGen      total 7168K, used 896K [0x00000000eab00000, 0x00000000eb400000, 0x0000000100000000)
  eden space 5632K, 0% used [0x00000000eab00000,0x00000000eab00000,0x00000000eb080000)
  from space 1536K, 58% used [0x00000000eb080000,0x00000000eb160000,0x00000000eb200000)
  to   space 1024K, 0% used [0x00000000eb300000,0x00000000eb300000,0x00000000eb400000)
 ParOldGen       total 218624K, used 218494K [0x00000000c0000000, 0x00000000cd580000, 0x00000000eab00000)
  object space 218624K, 99% used [0x00000000c0000000,0x00000000cd55fb10,0x00000000cd580000)
 Metaspace       used 47195K, committed 48512K, reserved 1114112K
  class space    used 5009K, committed 5568K, reserved 1048576K
}
Event: 12.933 GC heap before
{Heap before GC invocations=150 (full 2):
 PSYoungGen      total 7168K, used 6528K [0x00000000eab00000, 0x00000000eb400000, 0x0000000100000000)
  eden space 5632K, 100% used [0x00000000eab00000,0x00000000eb080000,0x00000000eb080000)
  from space 1536K, 58% used [0x00000000eb080000,0x00000000eb160000,0x00000000eb200000)
  to   space 1024K, 0% used [0x00000000eb300000,0x00000000eb300000,0x00000000eb400000)
 ParOldGen       total 218624K, used 218494K [0x00000000c0000000, 0x00000000cd580000, 0x00000000eab00000)
  object space 218624K, 99% used [0x00000000c0000000,0x00000000cd55fb10,0x00000000cd580000)
 Metaspace       used 47199K, committed 48512K, reserved 1114112K
  class space    used 5009K, committed 5568K, reserved 1048576K
}
Event: 12.936 GC heap after
{Heap after GC invocations=150 (full 2):
 PSYoungGen      total 8192K, used 924K [0x00000000eab00000, 0x00000000eb400000, 0x0000000100000000)
  eden space 7168K, 0% used [0x00000000eab00000,0x00000000eab00000,0x00000000eb200000)
  from space 1024K, 90% used [0x00000000eb300000,0x00000000eb3e7010,0x00000000eb400000)
  to   space 1024K, 0% used [0x00000000eb200000,0x00000000eb200000,0x00000000eb300000)
 ParOldGen       total 219648K, used 219289K [0x00000000c0000000, 0x00000000cd680000, 0x00000000eab00000)
  object space 219648K, 99% used [0x00000000c0000000,0x00000000cd6266d0,0x00000000cd680000)
 Metaspace       used 47199K, committed 48512K, reserved 1114112K
  class space    used 5009K, committed 5568K, reserved 1048576K
}
Event: 12.955 GC heap before
{Heap before GC invocations=151 (full 2):
 PSYoungGen      total 8192K, used 8092K [0x00000000eab00000, 0x00000000eb400000, 0x0000000100000000)
  eden space 7168K, 100% used [0x00000000eab00000,0x00000000eb200000,0x00000000eb200000)
  from space 1024K, 90% used [0x00000000eb300000,0x00000000eb3e7010,0x00000000eb400000)
  to   space 1024K, 0% used [0x00000000eb200000,0x00000000eb200000,0x00000000eb300000)
 ParOldGen       total 219648K, used 219289K [0x00000000c0000000, 0x00000000cd680000, 0x00000000eab00000)
  object space 219648K, 99% used [0x00000000c0000000,0x00000000cd6266d0,0x00000000cd680000)
 Metaspace       used 47212K, committed 48512K, reserved 1114112K
  class space    used 5009K, committed 5568K, reserved 1048576K
}
Event: 12.958 GC heap after
{Heap after GC invocations=151 (full 2):
 PSYoungGen      total 8192K, used 1016K [0x00000000eab00000, 0x00000000eb880000, 0x0000000100000000)
  eden space 7168K, 0% used [0x00000000eab00000,0x00000000eab00000,0x00000000eb200000)
  from space 1024K, 99% used [0x00000000eb200000,0x00000000eb2fe008,0x00000000eb300000)
  to   space 2560K, 0% used [0x00000000eb600000,0x00000000eb600000,0x00000000eb880000)
 ParOldGen       total 220672K, used 220368K [0x00000000c0000000, 0x00000000cd780000, 0x00000000eab00000)
  object space 220672K, 99% used [0x00000000c0000000,0x00000000cd734328,0x00000000cd780000)
 Metaspace       used 47212K, committed 48512K, reserved 1114112K
  class space    used 5009K, committed 5568K, reserved 1048576K
}
Event: 12.974 GC heap before
{Heap before GC invocations=152 (full 2):
 PSYoungGen      total 8192K, used 8184K [0x00000000eab00000, 0x00000000eb880000, 0x0000000100000000)
  eden space 7168K, 100% used [0x00000000eab00000,0x00000000eb200000,0x00000000eb200000)
  from space 1024K, 99% used [0x00000000eb200000,0x00000000eb2fe008,0x00000000eb300000)
  to   space 2560K, 0% used [0x00000000eb600000,0x00000000eb600000,0x00000000eb880000)
 ParOldGen       total 220672K, used 220368K [0x00000000c0000000, 0x00000000cd780000, 0x00000000eab00000)
  object space 220672K, 99% used [0x00000000c0000000,0x00000000cd734328,0x00000000cd780000)
 Metaspace       used 47213K, committed 48512K, reserved 1114112K
  class space    used 5009K, committed 5568K, reserved 1048576K
}
Event: 12.977 GC heap after
{Heap after GC invocations=152 (full 2):
 PSYoungGen      total 10240K, used 1152K [0x00000000eab00000, 0x00000000eb780000, 0x0000000100000000)
  eden space 8704K, 0% used [0x00000000eab00000,0x00000000eab00000,0x00000000eb380000)
  from space 1536K, 75% used [0x00000000eb600000,0x00000000eb720000,0x00000000eb780000)
  to   space 1536K, 0% used [0x00000000eb480000,0x00000000eb480000,0x00000000eb600000)
 ParOldGen       total 221696K, used 221393K [0x00000000c0000000, 0x00000000cd880000, 0x00000000eab00000)
  object space 221696K, 99% used [0x00000000c0000000,0x00000000cd8345a0,0x00000000cd880000)
 Metaspace       used 47213K, committed 48512K, reserved 1114112K
  class space    used 5009K, committed 5568K, reserved 1048576K
}

