# JRE version: OpenJDK Runtime Environment Temurin-21.0.7+6 (21.0.7+6) (build 21.0.7+6-LTS)
# Java VM: OpenJDK 64-Bit Server VM Temurin-21.0.7+6 (21.0.7+6-LTS, mixed mode, sharing, tiered, compressed oops, compressed class ptrs, parallel gc, windows-amd64)
GC Precious Log:
 CardTable entry size: 512
 CPUs: 12 total, 12 available
 Memory: 7498M
 Large Page Support: Disabled
 NUMA Support: Disabled
 Compressed Oops: Enabled (32-bit)
 Alignments: Space 512K, Generation 512K, Heap 2M
 Heap Min Capacity: 100M
 Heap Initial Capacity: 100M
 Heap Max Capacity: 1G
 Pre-touch: Disabled
 Parallel Workers: 10
Heap:
 PSYoungGen      total 7168K, used 1489K [0x00000000eab00000, 0x00000000eb500000, 0x0000000100000000)
  eden space 5632K, 2% used [0x00000000eab00000,0x00000000eab238e8,0x00000000eb080000)
  from space 1536K, 87% used [0x00000000eb080000,0x00000000eb1d0d38,0x00000000eb200000)
  to   space 1536K, 0% used [0x00000000eb380000,0x00000000eb380000,0x00000000eb500000)
 ParOldGen       total 153600K, used 153425K [0x00000000c0000000, 0x00000000c9600000, 0x00000000eab00000)
  object space 153600K, 99% used [0x00000000c0000000,0x00000000c95d4770,0x00000000c9600000)
 Metaspace       used 56396K, committed 57792K, reserved 1114112K
  class space    used 5899K, committed 6528K, reserved 1048576K
GC Heap History (20 events):
Event: 8.710 GC heap after
{Heap after GC invocations=87 (full 2):
 PSYoungGen      total 7168K, used 1526K [0x00000000eab00000, 0x00000000eb380000, 0x0000000100000000)
  eden space 5632K, 0% used [0x00000000eab00000,0x00000000eab00000,0x00000000eb080000)
  from space 1536K, 99% used [0x00000000eb100000,0x00000000eb27da48,0x00000000eb280000)
  to   space 1024K, 0% used [0x00000000eb280000,0x00000000eb280000,0x00000000eb380000)
 ParOldGen       total 140288K, used 140253K [0x00000000c0000000, 0x00000000c8900000, 0x00000000eab00000)
  object space 140288K, 99% used [0x00000000c0000000,0x00000000c88f77e8,0x00000000c8900000)
 Metaspace       used 55616K, committed 56960K, reserved 1114112K
  class space    used 5846K, committed 6464K, reserved 1048576K
}
Event: 8.733 GC heap before
{Heap before GC invocations=88 (full 2):
 PSYoungGen      total 7168K, used 7158K [0x00000000eab00000, 0x00000000eb380000, 0x0000000100000000)
  eden space 5632K, 100% used [0x00000000eab00000,0x00000000eb080000,0x00000000eb080000)
  from space 1536K, 99% used [0x00000000eb100000,0x00000000eb27da48,0x00000000eb280000)
  to   space 1024K, 0% used [0x00000000eb280000,0x00000000eb280000,0x00000000eb380000)
 ParOldGen       total 140288K, used 140253K [0x00000000c0000000, 0x00000000c8900000, 0x00000000eab00000)
  object space 140288K, 99% used [0x00000000c0000000,0x00000000c88f77e8,0x00000000c8900000)
 Metaspace       used 55647K, committed 56960K, reserved 1114112K
  class space    used 5849K, committed 6464K, reserved 1048576K
}
Event: 8.736 GC heap after
{Heap after GC invocations=88 (full 2):
 PSYoungGen      total 5632K, used 1023K [0x00000000eab00000, 0x00000000eb680000, 0x0000000100000000)
  eden space 4608K, 0% used [0x00000000eab00000,0x00000000eab00000,0x00000000eaf80000)
  from space 1024K, 99% used [0x00000000eb280000,0x00000000eb37fd88,0x00000000eb380000)
  to   space 3072K, 0% used [0x00000000eaf80000,0x00000000eaf80000,0x00000000eb280000)
 ParOldGen       total 142336K, used 141827K [0x00000000c0000000, 0x00000000c8b00000, 0x00000000eab00000)
  object space 142336K, 99% used [0x00000000c0000000,0x00000000c8a80d00,0x00000000c8b00000)
 Metaspace       used 55647K, committed 56960K, reserved 1114112K
  class space    used 5849K, committed 6464K, reserved 1048576K
}
Event: 8.754 GC heap before
{Heap before GC invocations=89 (full 2):
 PSYoungGen      total 5632K, used 5631K [0x00000000eab00000, 0x00000000eb680000, 0x0000000100000000)
  eden space 4608K, 100% used [0x00000000eab00000,0x00000000eaf80000,0x00000000eaf80000)
  from space 1024K, 99% used [0x00000000eb280000,0x00000000eb37fd88,0x00000000eb380000)
  to   space 3072K, 0% used [0x00000000eaf80000,0x00000000eaf80000,0x00000000eb280000)
 ParOldGen       total 142336K, used 141827K [0x00000000c0000000, 0x00000000c8b00000, 0x00000000eab00000)
  object space 142336K, 99% used [0x00000000c0000000,0x00000000c8a80d00,0x00000000c8b00000)
 Metaspace       used 55758K, committed 57088K, reserved 1114112K
  class space    used 5860K, committed 6464K, reserved 1048576K
}
Event: 8.756 GC heap after
{Heap after GC invocations=89 (full 2):
 PSYoungGen      total 6144K, used 1056K [0x00000000eab00000, 0x00000000eb380000, 0x0000000100000000)
  eden space 4608K, 0% used [0x00000000eab00000,0x00000000eab00000,0x00000000eaf80000)
  from space 1536K, 68% used [0x00000000eaf80000,0x00000000eb088000,0x00000000eb100000)
  to   space 2048K, 0% used [0x00000000eb180000,0x00000000eb180000,0x00000000eb380000)
 ParOldGen       total 142848K, used 142831K [0x00000000c0000000, 0x00000000c8b80000, 0x00000000eab00000)
  object space 142848K, 99% used [0x00000000c0000000,0x00000000c8b7bfa0,0x00000000c8b80000)
 Metaspace       used 55758K, committed 57088K, reserved 1114112K
  class space    used 5860K, committed 6464K, reserved 1048576K
}
Event: 8.774 GC heap before
{Heap before GC invocations=90 (full 2):
 PSYoungGen      total 6144K, used 5664K [0x00000000eab00000, 0x00000000eb380000, 0x0000000100000000)
  eden space 4608K, 100% used [0x00000000eab00000,0x00000000eaf80000,0x00000000eaf80000)
  from space 1536K, 68% used [0x00000000eaf80000,0x00000000eb088000,0x00000000eb100000)
  to   space 2048K, 0% used [0x00000000eb180000,0x00000000eb180000,0x00000000eb380000)
 ParOldGen       total 142848K, used 142831K [0x00000000c0000000, 0x00000000c8b80000, 0x00000000eab00000)
  object space 142848K, 99% used [0x00000000c0000000,0x00000000c8b7bfa0,0x00000000c8b80000)
 Metaspace       used 55823K, committed 57152K, reserved 1114112K
  class space    used 5866K, committed 6464K, reserved 1048576K
}
Event: 8.776 GC heap after
{Heap after GC invocations=90 (full 2):
 PSYoungGen      total 6144K, used 1217K [0x00000000eab00000, 0x00000000eb300000, 0x0000000100000000)
  eden space 4608K, 0% used [0x00000000eab00000,0x00000000eab00000,0x00000000eaf80000)
  from space 1536K, 79% used [0x00000000eb180000,0x00000000eb2b06c0,0x00000000eb300000)
  to   space 1536K, 0% used [0x00000000eaf80000,0x00000000eaf80000,0x00000000eb100000)
 ParOldGen       total 143872K, used 143768K [0x00000000c0000000, 0x00000000c8c80000, 0x00000000eab00000)
  object space 143872K, 99% used [0x00000000c0000000,0x00000000c8c66198,0x00000000c8c80000)
 Metaspace       used 55823K, committed 57152K, reserved 1114112K
  class space    used 5866K, committed 6464K, reserved 1048576K
}
Event: 8.792 GC heap before
{Heap before GC invocations=91 (full 2):
 PSYoungGen      total 6144K, used 5825K [0x00000000eab00000, 0x00000000eb300000, 0x0000000100000000)
  eden space 4608K, 100% used [0x00000000eab00000,0x00000000eaf80000,0x00000000eaf80000)
  from space 1536K, 79% used [0x00000000eb180000,0x00000000eb2b06c0,0x00000000eb300000)
  to   space 1536K, 0% used [0x00000000eaf80000,0x00000000eaf80000,0x00000000eb100000)
 ParOldGen       total 143872K, used 143768K [0x00000000c0000000, 0x00000000c8c80000, 0x00000000eab00000)
  object space 143872K, 99% used [0x00000000c0000000,0x00000000c8c66198,0x00000000c8c80000)
 Metaspace       used 55876K, committed 57216K, reserved 1114112K
  class space    used 5866K, committed 6464K, reserved 1048576K
}
Event: 8.795 GC heap after
{Heap after GC invocations=91 (full 2):
 PSYoungGen      total 6144K, used 1270K [0x00000000eab00000, 0x00000000eb280000, 0x0000000100000000)
  eden space 4608K, 0% used [0x00000000eab00000,0x00000000eab00000,0x00000000eaf80000)
  from space 1536K, 82% used [0x00000000eaf80000,0x00000000eb0bd990,0x00000000eb100000)
  to   space 1536K, 0% used [0x00000000eb100000,0x00000000eb100000,0x00000000eb280000)
 ParOldGen       total 144896K, used 144845K [0x00000000c0000000, 0x00000000c8d80000, 0x00000000eab00000)
  object space 144896K, 99% used [0x00000000c0000000,0x00000000c8d73540,0x00000000c8d80000)
 Metaspace       used 55876K, committed 57216K, reserved 1114112K
  class space    used 5866K, committed 6464K, reserved 1048576K
}
Event: 8.816 GC heap before
{Heap before GC invocations=92 (full 2):
 PSYoungGen      total 6144K, used 5878K [0x00000000eab00000, 0x00000000eb280000, 0x0000000100000000)
  eden space 4608K, 100% used [0x00000000eab00000,0x00000000eaf80000,0x00000000eaf80000)
  from space 1536K, 82% used [0x00000000eaf80000,0x00000000eb0bd990,0x00000000eb100000)
  to   space 1536K, 0% used [0x00000000eb100000,0x00000000eb100000,0x00000000eb280000)
 ParOldGen       total 144896K, used 144845K [0x00000000c0000000, 0x00000000c8d80000, 0x00000000eab00000)
  object space 144896K, 99% used [0x00000000c0000000,0x00000000c8d73540,0x00000000c8d80000)
 Metaspace       used 55944K, committed 57280K, reserved 1114112K
  class space    used 5871K, committed 6464K, reserved 1048576K
}
Event: 8.817 GC heap after
{Heap after GC invocations=92 (full 2):
 PSYoungGen      total 6144K, used 1150K [0x00000000eab00000, 0x00000000eb280000, 0x0000000100000000)
  eden space 4608K, 0% used [0x00000000eab00000,0x00000000eab00000,0x00000000eaf80000)
  from space 1536K, 74% used [0x00000000eb100000,0x00000000eb21faa8,0x00000000eb280000)
  to   space 1536K, 0% used [0x00000000eaf80000,0x00000000eaf80000,0x00000000eb100000)
 ParOldGen       total 146432K, used 145920K [0x00000000c0000000, 0x00000000c8f00000, 0x00000000eab00000)
  object space 146432K, 99% used [0x00000000c0000000,0x00000000c8e801c8,0x00000000c8f00000)
 Metaspace       used 55944K, committed 57280K, reserved 1114112K
  class space    used 5871K, committed 6464K, reserved 1048576K
}
Event: 8.831 GC heap before
{Heap before GC invocations=93 (full 2):
 PSYoungGen      total 6144K, used 5758K [0x00000000eab00000, 0x00000000eb280000, 0x0000000100000000)
  eden space 4608K, 100% used [0x00000000eab00000,0x00000000eaf80000,0x00000000eaf80000)
  from space 1536K, 74% used [0x00000000eb100000,0x00000000eb21faa8,0x00000000eb280000)
  to   space 1536K, 0% used [0x00000000eaf80000,0x00000000eaf80000,0x00000000eb100000)
 ParOldGen       total 146432K, used 145920K [0x00000000c0000000, 0x00000000c8f00000, 0x00000000eab00000)
  object space 146432K, 99% used [0x00000000c0000000,0x00000000c8e801c8,0x00000000c8f00000)
 Metaspace       used 56002K, committed 57344K, reserved 1114112K
  class space    used 5877K, committed 6464K, reserved 1048576K
}
Event: 8.833 GC heap after
{Heap after GC invocations=93 (full 2):
 PSYoungGen      total 6144K, used 1143K [0x00000000eab00000, 0x00000000eb280000, 0x0000000100000000)
  eden space 4608K, 0% used [0x00000000eab00000,0x00000000eab00000,0x00000000eaf80000)
  from space 1536K, 74% used [0x00000000eaf80000,0x00000000eb09dd68,0x00000000eb100000)
  to   space 1536K, 0% used [0x00000000eb100000,0x00000000eb100000,0x00000000eb280000)
 ParOldGen       total 147456K, used 146957K [0x00000000c0000000, 0x00000000c9000000, 0x00000000eab00000)
  object space 147456K, 99% used [0x00000000c0000000,0x00000000c8f83518,0x00000000c9000000)
 Metaspace       used 56002K, committed 57344K, reserved 1114112K
  class space    used 5877K, committed 6464K, reserved 1048576K
}
Event: 8.852 GC heap before
{Heap before GC invocations=94 (full 2):
 PSYoungGen      total 6144K, used 5751K [0x00000000eab00000, 0x00000000eb280000, 0x0000000100000000)
  eden space 4608K, 100% used [0x00000000eab00000,0x00000000eaf80000,0x00000000eaf80000)
  from space 1536K, 74% used [0x00000000eaf80000,0x00000000eb09dd68,0x00000000eb100000)
  to   space 1536K, 0% used [0x00000000eb100000,0x00000000eb100000,0x00000000eb280000)
 ParOldGen       total 147456K, used 146957K [0x00000000c0000000, 0x00000000c9000000, 0x00000000eab00000)
  object space 147456K, 99% used [0x00000000c0000000,0x00000000c8f83518,0x00000000c9000000)
 Metaspace       used 56085K, committed 57408K, reserved 1114112K
  class space    used 5885K, committed 6464K, reserved 1048576K
}
Event: 8.855 GC heap after
{Heap after GC invocations=94 (full 2):
 PSYoungGen      total 6144K, used 1284K [0x00000000eab00000, 0x00000000eb280000, 0x0000000100000000)
  eden space 4608K, 0% used [0x00000000eab00000,0x00000000eab00000,0x00000000eaf80000)
  from space 1536K, 83% used [0x00000000eb100000,0x00000000eb2413b8,0x00000000eb280000)
  to   space 1536K, 0% used [0x00000000eaf80000,0x00000000eaf80000,0x00000000eb100000)
 ParOldGen       total 147968K, used 147933K [0x00000000c0000000, 0x00000000c9080000, 0x00000000eab00000)
  object space 147968K, 99% used [0x00000000c0000000,0x00000000c90774c0,0x00000000c9080000)
 Metaspace       used 56085K, committed 57408K, reserved 1114112K
  class space    used 5885K, committed 6464K, reserved 1048576K
}
Event: 8.874 GC heap before
{Heap before GC invocations=95 (full 2):
 PSYoungGen      total 6144K, used 5892K [0x00000000eab00000, 0x00000000eb280000, 0x0000000100000000)
  eden space 4608K, 100% used [0x00000000eab00000,0x00000000eaf80000,0x00000000eaf80000)
  from space 1536K, 83% used [0x00000000eb100000,0x00000000eb2413b8,0x00000000eb280000)
  to   space 1536K, 0% used [0x00000000eaf80000,0x00000000eaf80000,0x00000000eb100000)
 ParOldGen       total 147968K, used 147933K [0x00000000c0000000, 0x00000000c9080000, 0x00000000eab00000)
  object space 147968K, 99% used [0x00000000c0000000,0x00000000c90774c0,0x00000000c9080000)
 Metaspace       used 56126K, committed 57408K, reserved 1114112K
  class space    used 5886K, committed 6464K, reserved 1048576K
}
Event: 8.877 GC heap after
{Heap after GC invocations=95 (full 2):
 PSYoungGen      total 6144K, used 1152K [0x00000000eab00000, 0x00000000eb280000, 0x0000000100000000)
  eden space 4608K, 0% used [0x00000000eab00000,0x00000000eab00000,0x00000000eaf80000)
  from space 1536K, 75% used [0x00000000eaf80000,0x00000000eb0a0000,0x00000000eb100000)
  to   space 1536K, 0% used [0x00000000eb100000,0x00000000eb100000,0x00000000eb280000)
 ParOldGen       total 149504K, used 149111K [0x00000000c0000000, 0x00000000c9200000, 0x00000000eab00000)
  object space 149504K, 99% used [0x00000000c0000000,0x00000000c919df98,0x00000000c9200000)
 Metaspace       used 56126K, committed 57408K, reserved 1114112K
  class space    used 5886K, committed 6464K, reserved 1048576K
}
Event: 8.890 GC heap before
{Heap before GC invocations=96 (full 2):
 PSYoungGen      total 6144K, used 5759K [0x00000000eab00000, 0x00000000eb280000, 0x0000000100000000)
  eden space 4608K, 99% used [0x00000000eab00000,0x00000000eaf7ffd8,0x00000000eaf80000)
  from space 1536K, 75% used [0x00000000eaf80000,0x00000000eb0a0000,0x00000000eb100000)
  to   space 1536K, 0% used [0x00000000eb100000,0x00000000eb100000,0x00000000eb280000)
 ParOldGen       total 149504K, used 149111K [0x00000000c0000000, 0x00000000c9200000, 0x00000000eab00000)
  object space 149504K, 99% used [0x00000000c0000000,0x00000000c919df98,0x00000000c9200000)
 Metaspace       used 56166K, committed 57536K, reserved 1114112K
  class space    used 5890K, committed 6528K, reserved 1048576K
}
Event: 8.893 GC heap after
{Heap after GC invocations=96 (full 2):
 PSYoungGen      total 6144K, used 1248K [0x00000000eab00000, 0x00000000eb280000, 0x0000000100000000)
  eden space 4608K, 0% used [0x00000000eab00000,0x00000000eab00000,0x00000000eaf80000)
  from space 1536K, 81% used [0x00000000eb100000,0x00000000eb238020,0x00000000eb280000)
  to   space 1536K, 0% used [0x00000000eaf80000,0x00000000eaf80000,0x00000000eb100000)
 ParOldGen       total 150528K, used 150169K [0x00000000c0000000, 0x00000000c9300000, 0x00000000eab00000)
  object space 150528K, 99% used [0x00000000c0000000,0x00000000c92a6638,0x00000000c9300000)
 Metaspace       used 56166K, committed 57536K, reserved 1114112K
  class space    used 5890K, committed 6528K, reserved 1048576K
}
Event: 8.913 GC heap before
{Heap before GC invocations=97 (full 2):
 PSYoungGen      total 6144K, used 5856K [0x00000000eab00000, 0x00000000eb280000, 0x0000000100000000)
  eden space 4608K, 100% used [0x00000000eab00000,0x00000000eaf80000,0x00000000eaf80000)
  from space 1536K, 81% used [0x00000000eb100000,0x00000000eb238020,0x00000000eb280000)
  to   space 1536K, 0% used [0x00000000eaf80000,0x00000000eaf80000,0x00000000eb100000)
 ParOldGen       total 150528K, used 150169K [0x00000000c0000000, 0x00000000c9300000, 0x00000000eab00000)
  object space 150528K, 99% used [0x00000000c0000000,0x00000000c92a6638,0x00000000c9300000)
 Metaspace       used 56201K, committed 57600K, reserved 1114112K
  class space    used 5891K, committed 6528K, reserved 1048576K
}

